<?xml version="1.0"?>
<rdf:RDF xmlns="http://purl.obolibrary.org/obo/doid/doid-non-classified.owl#"
     xml:base="http://purl.obolibrary.org/obo/doid/doid-non-classified.owl"
     xmlns:dc="http://purl.org/dc/elements/1.1/"
     xmlns:obo="http://purl.obolibrary.org/obo/"
     xmlns:owl="http://www.w3.org/2002/07/owl#"
     xmlns:rdf="http://www.w3.org/1999/02/22-rdf-syntax-ns#"
     xmlns:xml="http://www.w3.org/XML/1998/namespace"
     xmlns:xsd="http://www.w3.org/2001/XMLSchema#"
     xmlns:doid="http://purl.obolibrary.org/obo/doid#"
     xmlns:rdfs="http://www.w3.org/2000/01/rdf-schema#"
     xmlns:skos="http://www.w3.org/2004/02/skos/core#"
     xmlns:terms="http://purl.org/dc/terms/"
     xmlns:oboInOwl="http://www.geneontology.org/formats/oboInOwl#">
    <owl:Ontology rdf:about="http://purl.obolibrary.org/obo/doid/doid-non-classified.owl">
        <owl:versionIRI rdf:resource="http://purl.obolibrary.org/obo/doid/releases/2021-06-08/doid-non-classified.owl"/>
        <obo:IAO_0000700 rdf:resource="http://purl.obolibrary.org/obo/DOID_4"/>
        <dc:description rdf:datatype="http://www.w3.org/2001/XMLSchema#string">The Disease Ontology has been developed as a standardized ontology for human disease with the purpose of providing the biomedical community with consistent, reusable and sustainable descriptions of human disease terms, phenotype characteristics and related medical vocabulary disease concepts.</dc:description>
        <dc:title rdf:datatype="http://www.w3.org/2001/XMLSchema#string">Human Disease Ontology</dc:title>
        <terms:license rdf:resource="https://creativecommons.org/publicdomain/zero/1.0/"/>
        <oboInOwl:default-namespace rdf:datatype="http://www.w3.org/2001/XMLSchema#string">disease_ontology</oboInOwl:default-namespace>
        <oboInOwl:hasOBOFormatVersion rdf:datatype="http://www.w3.org/2001/XMLSchema#string">1.2</oboInOwl:hasOBOFormatVersion>
        <oboInOwl:saved-by rdf:datatype="http://www.w3.org/2001/XMLSchema#string">lschriml</oboInOwl:saved-by>
        <rdfs:comment rdf:datatype="http://www.w3.org/2001/XMLSchema#string">The Disease Ontology content is available via the Creative Commons Public Domain Dedication CC0 1.0 Universal license (https://creativecommons.org/publicdomain/zero/1.0/).</rdfs:comment>
    </owl:Ontology>

    <!-- 
    ///////////////////////////////////////////////////////////////////////////////////////
    //
    // Annotation properties
    //
    ///////////////////////////////////////////////////////////////////////////////////////
     -->

    


    <!-- http://purl.obolibrary.org/obo/IAO_0000115 -->

    <owl:AnnotationProperty rdf:about="http://purl.obolibrary.org/obo/IAO_0000115"/>
    


    <!-- http://purl.obolibrary.org/obo/IAO_0000119 -->

    <owl:AnnotationProperty rdf:about="http://purl.obolibrary.org/obo/IAO_0000119">
        <obo:IAO_0000115 rdf:datatype="http://www.w3.org/2001/XMLSchema#string">Formal citation, e.g. identifier in external database to indicate / attribute source(s) for the definition. Free text indicate / attribute source(s) for the definition. EXAMPLE: Author Name, URI, MeSH Term C04, PUBMED ID, Wiki uri on 31.01.2007.</obo:IAO_0000115>
        <rdfs:isDefinedBy rdf:resource="http://purl.obolibrary.org/obo/iao.owl"/>
        <rdfs:label rdf:datatype="http://www.w3.org/2001/XMLSchema#string">definition source</rdfs:label>
    </owl:AnnotationProperty>
    <owl:Axiom>
        <owl:annotatedSource rdf:resource="http://purl.obolibrary.org/obo/IAO_0000119"/>
        <owl:annotatedProperty rdf:resource="http://purl.obolibrary.org/obo/IAO_0000115"/>
        <owl:annotatedTarget rdf:datatype="http://www.w3.org/2001/XMLSchema#string">Formal citation, e.g. identifier in external database to indicate / attribute source(s) for the definition. Free text indicate / attribute source(s) for the definition. EXAMPLE: Author Name, URI, MeSH Term C04, PUBMED ID, Wiki uri on 31.01.2007.</owl:annotatedTarget>
        <oboInOwl:hasDbXref rdf:datatype="http://www.w3.org/2001/XMLSchema#string">url:http://purl.obolibrary.org/obo/iao.owl</oboInOwl:hasDbXref>
    </owl:Axiom>
    


    <!-- http://purl.obolibrary.org/obo/IAO_0000700 -->

    <owl:AnnotationProperty rdf:about="http://purl.obolibrary.org/obo/IAO_0000700">
        <obo:IAO_0000115 rdf:datatype="http://www.w3.org/2001/XMLSchema#string">Has ontology root term.</obo:IAO_0000115>
        <rdfs:label rdf:datatype="http://www.w3.org/2001/XMLSchema#string">has_ontology_root_term</rdfs:label>
    </owl:AnnotationProperty>
    <owl:Axiom>
        <owl:annotatedSource rdf:resource="http://purl.obolibrary.org/obo/IAO_0000700"/>
        <owl:annotatedProperty rdf:resource="http://purl.obolibrary.org/obo/IAO_0000115"/>
        <owl:annotatedTarget rdf:datatype="http://www.w3.org/2001/XMLSchema#string">Has ontology root term.</owl:annotatedTarget>
        <oboInOwl:hasDbXref rdf:datatype="http://www.w3.org/2001/XMLSchema#string">url:http://purl.obolibrary.org/obo/IAO_0000700</oboInOwl:hasDbXref>
    </owl:Axiom>
    


    <!-- http://purl.obolibrary.org/obo/OBI_9991118 -->

    <owl:AnnotationProperty rdf:about="http://purl.obolibrary.org/obo/OBI_9991118"/>
    


    <!-- http://purl.obolibrary.org/obo/doid#DO_AGR_slim -->

    <owl:AnnotationProperty rdf:about="http://purl.obolibrary.org/obo/doid#DO_AGR_slim">
        <rdfs:comment>DO_AGR_slim</rdfs:comment>
        <rdfs:label>DO_AGR_slim</rdfs:label>
        <rdfs:subPropertyOf rdf:resource="http://www.geneontology.org/formats/oboInOwl#SubsetProperty"/>
    </owl:AnnotationProperty>
    


    <!-- http://purl.obolibrary.org/obo/doid#DO_FlyBase_slim -->

    <owl:AnnotationProperty rdf:about="http://purl.obolibrary.org/obo/doid#DO_FlyBase_slim">
        <rdfs:comment>DO_FlyBase_slim</rdfs:comment>
        <rdfs:label>DO_FlyBase_slim</rdfs:label>
        <rdfs:subPropertyOf rdf:resource="http://www.geneontology.org/formats/oboInOwl#SubsetProperty"/>
    </owl:AnnotationProperty>
    


    <!-- http://purl.obolibrary.org/obo/doid#DO_GXD_slim -->

    <owl:AnnotationProperty rdf:about="http://purl.obolibrary.org/obo/doid#DO_GXD_slim">
        <rdfs:comment>DO_GXD_slim</rdfs:comment>
        <rdfs:label>DO_GXD_slim</rdfs:label>
        <rdfs:subPropertyOf rdf:resource="http://www.geneontology.org/formats/oboInOwl#SubsetProperty"/>
    </owl:AnnotationProperty>
    


    <!-- http://purl.obolibrary.org/obo/doid#DO_IEDB_slim -->

    <owl:AnnotationProperty rdf:about="http://purl.obolibrary.org/obo/doid#DO_IEDB_slim">
        <rdfs:comment>DO_IEDB_slim</rdfs:comment>
        <rdfs:label>DO_IEDB_slim</rdfs:label>
        <rdfs:subPropertyOf rdf:resource="http://www.geneontology.org/formats/oboInOwl#SubsetProperty"/>
    </owl:AnnotationProperty>
    


    <!-- http://purl.obolibrary.org/obo/doid#DO_MGI_slim -->

    <owl:AnnotationProperty rdf:about="http://purl.obolibrary.org/obo/doid#DO_MGI_slim">
        <rdfs:comment>DO_MGI_slim</rdfs:comment>
        <rdfs:label>DO_MGI_slim</rdfs:label>
        <rdfs:subPropertyOf rdf:resource="http://www.geneontology.org/formats/oboInOwl#SubsetProperty"/>
    </owl:AnnotationProperty>
    


    <!-- http://purl.obolibrary.org/obo/doid#DO_RAD_slim -->

    <owl:AnnotationProperty rdf:about="http://purl.obolibrary.org/obo/doid#DO_RAD_slim">
        <rdfs:comment>DO_RAD_slim</rdfs:comment>
        <rdfs:label>DO_RAD_slim</rdfs:label>
        <rdfs:subPropertyOf rdf:resource="http://www.geneontology.org/formats/oboInOwl#SubsetProperty"/>
    </owl:AnnotationProperty>
    


    <!-- http://purl.obolibrary.org/obo/doid#DO_cancer_slim -->

    <owl:AnnotationProperty rdf:about="http://purl.obolibrary.org/obo/doid#DO_cancer_slim">
        <rdfs:comment>DO_cancer_slim</rdfs:comment>
        <rdfs:label>DO_cancer_slim</rdfs:label>
        <rdfs:subPropertyOf rdf:resource="http://www.geneontology.org/formats/oboInOwl#SubsetProperty"/>
    </owl:AnnotationProperty>
    


    <!-- http://purl.obolibrary.org/obo/doid#DO_rare_slim -->

    <owl:AnnotationProperty rdf:about="http://purl.obolibrary.org/obo/doid#DO_rare_slim">
        <rdfs:comment>DO_rare_slim</rdfs:comment>
        <rdfs:label>DO_rare_slim</rdfs:label>
        <rdfs:subPropertyOf rdf:resource="http://www.geneontology.org/formats/oboInOwl#SubsetProperty"/>
    </owl:AnnotationProperty>
    


    <!-- http://purl.obolibrary.org/obo/doid#GOLD -->

    <owl:AnnotationProperty rdf:about="http://purl.obolibrary.org/obo/doid#GOLD">
        <rdfs:comment>GOLD</rdfs:comment>
        <rdfs:label>GOLD</rdfs:label>
        <rdfs:subPropertyOf rdf:resource="http://www.geneontology.org/formats/oboInOwl#SubsetProperty"/>
    </owl:AnnotationProperty>
    


    <!-- http://purl.obolibrary.org/obo/doid#NCIthesaurus -->

    <owl:AnnotationProperty rdf:about="http://purl.obolibrary.org/obo/doid#NCIthesaurus">
        <rdfs:comment>NCIthesaurus</rdfs:comment>
        <rdfs:label>NCIthesaurus</rdfs:label>
        <rdfs:subPropertyOf rdf:resource="http://www.geneontology.org/formats/oboInOwl#SubsetProperty"/>
    </owl:AnnotationProperty>
    


    <!-- http://purl.obolibrary.org/obo/doid#TopNodes_DOcancerslim -->

    <owl:AnnotationProperty rdf:about="http://purl.obolibrary.org/obo/doid#TopNodes_DOcancerslim">
        <rdfs:comment>TopNodes_DOcancerslim</rdfs:comment>
        <rdfs:label>TopNodes_DOcancerslim</rdfs:label>
        <rdfs:subPropertyOf rdf:resource="http://www.geneontology.org/formats/oboInOwl#SubsetProperty"/>
    </owl:AnnotationProperty>
    


    <!-- http://purl.obolibrary.org/obo/doid#gram-negative_bacterial_infectious_disease -->

    <owl:AnnotationProperty rdf:about="http://purl.obolibrary.org/obo/doid#gram-negative_bacterial_infectious_disease">
        <rdfs:comment>gram-negative_bacterial_infectious_disease</rdfs:comment>
        <rdfs:label>gram-negative_bacterial_infectious_disease</rdfs:label>
        <rdfs:subPropertyOf rdf:resource="http://www.geneontology.org/formats/oboInOwl#SubsetProperty"/>
    </owl:AnnotationProperty>
    


    <!-- http://purl.obolibrary.org/obo/doid#gram-positive_bacterial_infectious_disease -->

    <owl:AnnotationProperty rdf:about="http://purl.obolibrary.org/obo/doid#gram-positive_bacterial_infectious_disease">
        <rdfs:comment>gram-positive_bacterial_infectious_disease</rdfs:comment>
        <rdfs:label>gram-positive_bacterial_infectious_disease</rdfs:label>
        <rdfs:subPropertyOf rdf:resource="http://www.geneontology.org/formats/oboInOwl#SubsetProperty"/>
    </owl:AnnotationProperty>
    


    <!-- http://purl.obolibrary.org/obo/doid#sexually_transmitted_infectious_disease -->

    <owl:AnnotationProperty rdf:about="http://purl.obolibrary.org/obo/doid#sexually_transmitted_infectious_disease">
        <rdfs:comment>sexually_transmitted_infectious_disease</rdfs:comment>
        <rdfs:label>sexually_transmitted_infectious_disease</rdfs:label>
        <rdfs:subPropertyOf rdf:resource="http://www.geneontology.org/formats/oboInOwl#SubsetProperty"/>
    </owl:AnnotationProperty>
    


    <!-- http://purl.obolibrary.org/obo/doid#tick-borne_infectious_disease -->

    <owl:AnnotationProperty rdf:about="http://purl.obolibrary.org/obo/doid#tick-borne_infectious_disease">
        <rdfs:comment>tick-borne_infectious_disease</rdfs:comment>
        <rdfs:label>tick-borne_infectious_disease</rdfs:label>
        <rdfs:subPropertyOf rdf:resource="http://www.geneontology.org/formats/oboInOwl#SubsetProperty"/>
    </owl:AnnotationProperty>
    


    <!-- http://purl.obolibrary.org/obo/doid#zoonotic_infectious_disease -->

    <owl:AnnotationProperty rdf:about="http://purl.obolibrary.org/obo/doid#zoonotic_infectious_disease">
        <rdfs:comment>zoonotic_infectious_disease</rdfs:comment>
        <rdfs:label>zoonotic_infectious_disease</rdfs:label>
        <rdfs:subPropertyOf rdf:resource="http://www.geneontology.org/formats/oboInOwl#SubsetProperty"/>
    </owl:AnnotationProperty>
    


    <!-- http://purl.org/dc/elements/1.1/date -->

    <owl:AnnotationProperty rdf:about="http://purl.org/dc/elements/1.1/date">
        <rdfs:label rdf:datatype="http://www.w3.org/2001/XMLSchema#string">dc:date</rdfs:label>
    </owl:AnnotationProperty>
    


    <!-- http://purl.org/dc/elements/1.1/description -->

    <owl:AnnotationProperty rdf:about="http://purl.org/dc/elements/1.1/description">
        <obo:IAO_0000115 rdf:datatype="http://www.w3.org/2001/XMLSchema#string">Description.</obo:IAO_0000115>
        <rdfs:label rdf:datatype="http://www.w3.org/2001/XMLSchema#string">description</rdfs:label>
    </owl:AnnotationProperty>
    <owl:Axiom>
        <owl:annotatedSource rdf:resource="http://purl.org/dc/elements/1.1/description"/>
        <owl:annotatedProperty rdf:resource="http://purl.obolibrary.org/obo/IAO_0000115"/>
        <owl:annotatedTarget rdf:datatype="http://www.w3.org/2001/XMLSchema#string">Description.</owl:annotatedTarget>
        <oboInOwl:hasDbXref rdf:datatype="http://www.w3.org/2001/XMLSchema#string">url:http://purl.org/dc/elements/1.1/description</oboInOwl:hasDbXref>
    </owl:Axiom>
    


    <!-- http://purl.org/dc/elements/1.1/title -->

    <owl:AnnotationProperty rdf:about="http://purl.org/dc/elements/1.1/title">
        <obo:IAO_0000115 rdf:datatype="http://www.w3.org/2001/XMLSchema#string">Title.</obo:IAO_0000115>
        <rdfs:label rdf:datatype="http://www.w3.org/2001/XMLSchema#string">title</rdfs:label>
    </owl:AnnotationProperty>
    <owl:Axiom>
        <owl:annotatedSource rdf:resource="http://purl.org/dc/elements/1.1/title"/>
        <owl:annotatedProperty rdf:resource="http://purl.obolibrary.org/obo/IAO_0000115"/>
        <owl:annotatedTarget rdf:datatype="http://www.w3.org/2001/XMLSchema#string">Title.</owl:annotatedTarget>
        <oboInOwl:hasDbXref rdf:datatype="http://www.w3.org/2001/XMLSchema#string">url:http://purl.org/dc/elements/1.1/title</oboInOwl:hasDbXref>
    </owl:Axiom>
    


    <!-- http://purl.org/dc/elements/1.1/type -->

    <owl:AnnotationProperty rdf:about="http://purl.org/dc/elements/1.1/type">
        <obo:IAO_0000115 rdf:datatype="http://www.w3.org/2001/XMLSchema#string">The dc:type.</obo:IAO_0000115>
        <rdfs:label rdf:datatype="http://www.w3.org/2001/XMLSchema#string">dc:type</rdfs:label>
    </owl:AnnotationProperty>
    <owl:Axiom>
        <owl:annotatedSource rdf:resource="http://purl.org/dc/elements/1.1/type"/>
        <owl:annotatedProperty rdf:resource="http://purl.obolibrary.org/obo/IAO_0000115"/>
        <owl:annotatedTarget rdf:datatype="http://www.w3.org/2001/XMLSchema#string">The dc:type.</owl:annotatedTarget>
        <oboInOwl:hasDbXref rdf:datatype="http://www.w3.org/2001/XMLSchema#string">url:http://purl.org/dc/elements/1.1/type</oboInOwl:hasDbXref>
    </owl:Axiom>
    


    <!-- http://purl.org/dc/terms/license -->

    <owl:AnnotationProperty rdf:about="http://purl.org/dc/terms/license">
        <obo:IAO_0000115 rdf:datatype="http://www.w3.org/2001/XMLSchema#string">License.</obo:IAO_0000115>
        <rdfs:label rdf:datatype="http://www.w3.org/2001/XMLSchema#string">license</rdfs:label>
    </owl:AnnotationProperty>
    <owl:Axiom>
        <owl:annotatedSource rdf:resource="http://purl.org/dc/terms/license"/>
        <owl:annotatedProperty rdf:resource="http://purl.obolibrary.org/obo/IAO_0000115"/>
        <owl:annotatedTarget rdf:datatype="http://www.w3.org/2001/XMLSchema#string">License.</owl:annotatedTarget>
        <oboInOwl:hasDbXref rdf:datatype="http://www.w3.org/2001/XMLSchema#string">url:http://purl.org/dc/terms/license</oboInOwl:hasDbXref>
    </owl:Axiom>
    


    <!-- http://www.geneontology.org/formats/oboInOwl#SubsetProperty -->

    <owl:AnnotationProperty rdf:about="http://www.geneontology.org/formats/oboInOwl#SubsetProperty">
        <obo:IAO_0000115 rdf:datatype="http://www.w3.org/2001/XMLSchema#string">Subset property, name of subet.</obo:IAO_0000115>
        <rdfs:label rdf:datatype="http://www.w3.org/2001/XMLSchema#string">subset_property</rdfs:label>
    </owl:AnnotationProperty>
    <owl:Axiom>
        <owl:annotatedSource rdf:resource="http://www.geneontology.org/formats/oboInOwl#SubsetProperty"/>
        <owl:annotatedProperty rdf:resource="http://purl.obolibrary.org/obo/IAO_0000115"/>
        <owl:annotatedTarget rdf:datatype="http://www.w3.org/2001/XMLSchema#string">Subset property, name of subet.</owl:annotatedTarget>
        <oboInOwl:hasDbXref rdf:datatype="http://www.w3.org/2001/XMLSchema#string">url:http://www.geneontology.org/formats/oboInOwl#SubsetProperty</oboInOwl:hasDbXref>
    </owl:Axiom>
    


    <!-- http://www.geneontology.org/formats/oboInOwl#auto-generated-by -->

    <owl:AnnotationProperty rdf:about="http://www.geneontology.org/formats/oboInOwl#auto-generated-by">
        <rdfs:label rdf:datatype="http://www.w3.org/2001/XMLSchema#string">auto-generated-by</rdfs:label>
    </owl:AnnotationProperty>
    


    <!-- http://www.geneontology.org/formats/oboInOwl#created_by -->

    <owl:AnnotationProperty rdf:about="http://www.geneontology.org/formats/oboInOwl#created_by">
        <obo:IAO_0000115 rdf:datatype="http://www.w3.org/2001/XMLSchema#string">Author of the class.</obo:IAO_0000115>
        <rdfs:label rdf:datatype="http://www.w3.org/2001/XMLSchema#string">created_by</rdfs:label>
    </owl:AnnotationProperty>
    <owl:Axiom>
        <owl:annotatedSource rdf:resource="http://www.geneontology.org/formats/oboInOwl#created_by"/>
        <owl:annotatedProperty rdf:resource="http://purl.obolibrary.org/obo/IAO_0000115"/>
        <owl:annotatedTarget rdf:datatype="http://www.w3.org/2001/XMLSchema#string">Author of the class.</owl:annotatedTarget>
        <oboInOwl:hasDbXref rdf:datatype="http://www.w3.org/2001/XMLSchema#string">url:http://www.geneontology.org/formats/oboInOwl#created_by</oboInOwl:hasDbXref>
    </owl:Axiom>
    


    <!-- http://www.geneontology.org/formats/oboInOwl#creation_date -->

    <owl:AnnotationProperty rdf:about="http://www.geneontology.org/formats/oboInOwl#creation_date">
        <obo:IAO_0000115 rdf:datatype="http://www.w3.org/2001/XMLSchema#string">Date class was created.</obo:IAO_0000115>
        <rdfs:label>creation_date</rdfs:label>
    </owl:AnnotationProperty>
    <owl:Axiom>
        <owl:annotatedSource rdf:resource="http://www.geneontology.org/formats/oboInOwl#creation_date"/>
        <owl:annotatedProperty rdf:resource="http://purl.obolibrary.org/obo/IAO_0000115"/>
        <owl:annotatedTarget rdf:datatype="http://www.w3.org/2001/XMLSchema#string">Date class was created.</owl:annotatedTarget>
        <oboInOwl:hasDbXref rdf:datatype="http://www.w3.org/2001/XMLSchema#string">url:http://www.geneontology.org/formats/oboInOwl#creation_date</oboInOwl:hasDbXref>
    </owl:Axiom>
    


    <!-- http://www.geneontology.org/formats/oboInOwl#date -->

    <owl:AnnotationProperty rdf:about="http://www.geneontology.org/formats/oboInOwl#date">
        <obo:IAO_0000115 rdf:datatype="http://www.w3.org/2001/XMLSchema#string">Date.</obo:IAO_0000115>
        <rdfs:label rdf:datatype="http://www.w3.org/2001/XMLSchema#string">date</rdfs:label>
    </owl:AnnotationProperty>
    <owl:Axiom>
        <owl:annotatedSource rdf:resource="http://www.geneontology.org/formats/oboInOwl#date"/>
        <owl:annotatedProperty rdf:resource="http://purl.obolibrary.org/obo/IAO_0000115"/>
        <owl:annotatedTarget rdf:datatype="http://www.w3.org/2001/XMLSchema#string">Date.</owl:annotatedTarget>
        <oboInOwl:hasDbXref rdf:datatype="http://www.w3.org/2001/XMLSchema#string">url:http://purl.org/dc/elements/1.1/date</oboInOwl:hasDbXref>
    </owl:Axiom>
    


    <!-- http://www.geneontology.org/formats/oboInOwl#default-namespace -->

    <owl:AnnotationProperty rdf:about="http://www.geneontology.org/formats/oboInOwl#default-namespace">
        <obo:IAO_0000115 rdf:datatype="http://www.w3.org/2001/XMLSchema#string">Default namespace.</obo:IAO_0000115>
        <rdfs:label rdf:datatype="http://www.w3.org/2001/XMLSchema#string">default-namespace</rdfs:label>
    </owl:AnnotationProperty>
    <owl:Axiom>
        <owl:annotatedSource rdf:resource="http://www.geneontology.org/formats/oboInOwl#default-namespace"/>
        <owl:annotatedProperty rdf:resource="http://purl.obolibrary.org/obo/IAO_0000115"/>
        <owl:annotatedTarget rdf:datatype="http://www.w3.org/2001/XMLSchema#string">Default namespace.</owl:annotatedTarget>
        <oboInOwl:hasDbXref rdf:datatype="http://www.w3.org/2001/XMLSchema#string">url:http://www.geneontology.org/formats/oboInOwl#default-namespace</oboInOwl:hasDbXref>
    </owl:Axiom>
    


    <!-- http://www.geneontology.org/formats/oboInOwl#hasAlternativeId -->

    <owl:AnnotationProperty rdf:about="http://www.geneontology.org/formats/oboInOwl#hasAlternativeId">
        <obo:IAO_0000115 rdf:datatype="http://www.w3.org/2001/XMLSchema#string">ID of merged class.</obo:IAO_0000115>
        <rdfs:label>has_alternative_id</rdfs:label>
    </owl:AnnotationProperty>
    <owl:Axiom>
        <owl:annotatedSource rdf:resource="http://www.geneontology.org/formats/oboInOwl#hasAlternativeId"/>
        <owl:annotatedProperty rdf:resource="http://purl.obolibrary.org/obo/IAO_0000115"/>
        <owl:annotatedTarget rdf:datatype="http://www.w3.org/2001/XMLSchema#string">ID of merged class.</owl:annotatedTarget>
        <oboInOwl:hasDbXref rdf:datatype="http://www.w3.org/2001/XMLSchema#string">url:http://www.geneontology.org/formats/oboInOwl#hasAlternativeId</oboInOwl:hasDbXref>
    </owl:Axiom>
    


    <!-- http://www.geneontology.org/formats/oboInOwl#hasBroadSynonym -->

    <owl:AnnotationProperty rdf:about="http://www.geneontology.org/formats/oboInOwl#hasBroadSynonym">
        <obo:IAO_0000115 rdf:datatype="http://www.w3.org/2001/XMLSchema#string">Broad synonym.</obo:IAO_0000115>
        <rdfs:label>has_broad_synonym</rdfs:label>
    </owl:AnnotationProperty>
    <owl:Axiom>
        <owl:annotatedSource rdf:resource="http://www.geneontology.org/formats/oboInOwl#hasBroadSynonym"/>
        <owl:annotatedProperty rdf:resource="http://purl.obolibrary.org/obo/IAO_0000115"/>
        <owl:annotatedTarget rdf:datatype="http://www.w3.org/2001/XMLSchema#string">Broad synonym.</owl:annotatedTarget>
        <oboInOwl:hasDbXref rdf:datatype="http://www.w3.org/2001/XMLSchema#string">url:http://www.geneontology.org/formats/oboInOwl#hasBroadSynonym</oboInOwl:hasDbXref>
    </owl:Axiom>
    


    <!-- http://www.geneontology.org/formats/oboInOwl#hasDbXref -->

    <owl:AnnotationProperty rdf:about="http://www.geneontology.org/formats/oboInOwl#hasDbXref">
        <obo:IAO_0000115 rdf:datatype="http://www.w3.org/2001/XMLSchema#string">Reference database or publication source.</obo:IAO_0000115>
        <rdfs:label>database_cross_reference</rdfs:label>
    </owl:AnnotationProperty>
    <owl:Axiom>
        <owl:annotatedSource rdf:resource="http://www.geneontology.org/formats/oboInOwl#hasDbXref"/>
        <owl:annotatedProperty rdf:resource="http://purl.obolibrary.org/obo/IAO_0000115"/>
        <owl:annotatedTarget rdf:datatype="http://www.w3.org/2001/XMLSchema#string">Reference database or publication source.</owl:annotatedTarget>
        <oboInOwl:hasDbXref rdf:datatype="http://www.w3.org/2001/XMLSchema#string">url:http://www.geneontology.org/formats/oboInOwl#hasDbXref</oboInOwl:hasDbXref>
    </owl:Axiom>
    


    <!-- http://www.geneontology.org/formats/oboInOwl#hasExactSynonym -->

    <owl:AnnotationProperty rdf:about="http://www.geneontology.org/formats/oboInOwl#hasExactSynonym">
        <obo:IAO_0000115 rdf:datatype="http://www.w3.org/2001/XMLSchema#string">Exact synonym.</obo:IAO_0000115>
        <rdfs:label>has_exact_synonym</rdfs:label>
    </owl:AnnotationProperty>
    <owl:Axiom>
        <owl:annotatedSource rdf:resource="http://www.geneontology.org/formats/oboInOwl#hasExactSynonym"/>
        <owl:annotatedProperty rdf:resource="http://purl.obolibrary.org/obo/IAO_0000115"/>
        <owl:annotatedTarget rdf:datatype="http://www.w3.org/2001/XMLSchema#string">Exact synonym.</owl:annotatedTarget>
        <oboInOwl:hasDbXref rdf:datatype="http://www.w3.org/2001/XMLSchema#string">url:http://www.geneontology.org/formats/oboInOwl#hasExactSynonym</oboInOwl:hasDbXref>
    </owl:Axiom>
    


    <!-- http://www.geneontology.org/formats/oboInOwl#hasNarrowSynonym -->

    <owl:AnnotationProperty rdf:about="http://www.geneontology.org/formats/oboInOwl#hasNarrowSynonym">
        <obo:IAO_0000115 rdf:datatype="http://www.w3.org/2001/XMLSchema#string">Narrow synonym.</obo:IAO_0000115>
        <rdfs:label>has_narrow_synonym</rdfs:label>
    </owl:AnnotationProperty>
    <owl:Axiom>
        <owl:annotatedSource rdf:resource="http://www.geneontology.org/formats/oboInOwl#hasNarrowSynonym"/>
        <owl:annotatedProperty rdf:resource="http://purl.obolibrary.org/obo/IAO_0000115"/>
        <owl:annotatedTarget rdf:datatype="http://www.w3.org/2001/XMLSchema#string">Narrow synonym.</owl:annotatedTarget>
        <oboInOwl:hasDbXref rdf:datatype="http://www.w3.org/2001/XMLSchema#string">url:http://www.geneontology.org/formats/oboInOwl#hasNarrowSynonym</oboInOwl:hasDbXref>
    </owl:Axiom>
    


    <!-- http://www.geneontology.org/formats/oboInOwl#hasOBOFormatVersion -->

    <owl:AnnotationProperty rdf:about="http://www.geneontology.org/formats/oboInOwl#hasOBOFormatVersion">
        <obo:IAO_0000115 rdf:datatype="http://www.w3.org/2001/XMLSchema#string">Has OBO format version.</obo:IAO_0000115>
        <rdfs:label rdf:datatype="http://www.w3.org/2001/XMLSchema#string">has_obo_format_version</rdfs:label>
    </owl:AnnotationProperty>
    <owl:Axiom>
        <owl:annotatedSource rdf:resource="http://www.geneontology.org/formats/oboInOwl#hasOBOFormatVersion"/>
        <owl:annotatedProperty rdf:resource="http://purl.obolibrary.org/obo/IAO_0000115"/>
        <owl:annotatedTarget rdf:datatype="http://www.w3.org/2001/XMLSchema#string">Has OBO format version.</owl:annotatedTarget>
        <oboInOwl:hasDbXref rdf:datatype="http://www.w3.org/2001/XMLSchema#string">url:http://www.geneontology.org/formats/oboInOwl#hasOBOFormatVersion</oboInOwl:hasDbXref>
    </owl:Axiom>
    


    <!-- http://www.geneontology.org/formats/oboInOwl#hasOBONamespace -->

    <owl:AnnotationProperty rdf:about="http://www.geneontology.org/formats/oboInOwl#hasOBONamespace">
        <obo:IAO_0000115 rdf:datatype="http://www.w3.org/2001/XMLSchema#string">Name space of the ontology.</obo:IAO_0000115>
        <rdfs:comment rdf:datatype="http://www.w3.org/2001/XMLSchema#string">disease_ontology</rdfs:comment>
        <rdfs:label rdf:datatype="http://www.w3.org/2001/XMLSchema#string">has_obo_namespace</rdfs:label>
    </owl:AnnotationProperty>
    <owl:Axiom>
        <owl:annotatedSource rdf:resource="http://www.geneontology.org/formats/oboInOwl#hasOBONamespace"/>
        <owl:annotatedProperty rdf:resource="http://purl.obolibrary.org/obo/IAO_0000115"/>
        <owl:annotatedTarget rdf:datatype="http://www.w3.org/2001/XMLSchema#string">Name space of the ontology.</owl:annotatedTarget>
        <oboInOwl:hasDbXref rdf:datatype="http://www.w3.org/2001/XMLSchema#string">url:http://www.geneontology.org/formats/oboInOwl#hasOBONamespace</oboInOwl:hasDbXref>
    </owl:Axiom>
    


    <!-- http://www.geneontology.org/formats/oboInOwl#hasRelatedSynonym -->

    <owl:AnnotationProperty rdf:about="http://www.geneontology.org/formats/oboInOwl#hasRelatedSynonym">
        <obo:IAO_0000115 rdf:datatype="http://www.w3.org/2001/XMLSchema#string">Has related synonym.</obo:IAO_0000115>
        <rdfs:label rdf:datatype="http://www.w3.org/2001/XMLSchema#string">has_related_synonym</rdfs:label>
    </owl:AnnotationProperty>
    <owl:Axiom>
        <owl:annotatedSource rdf:resource="http://www.geneontology.org/formats/oboInOwl#hasRelatedSynonym"/>
        <owl:annotatedProperty rdf:resource="http://purl.obolibrary.org/obo/IAO_0000115"/>
        <owl:annotatedTarget rdf:datatype="http://www.w3.org/2001/XMLSchema#string">Has related synonym.</owl:annotatedTarget>
        <oboInOwl:hasDbXref rdf:datatype="http://www.w3.org/2001/XMLSchema#string">url:http://www.geneontology.org/formats/oboInOwl#hasRelatedSynonym</oboInOwl:hasDbXref>
    </owl:Axiom>
    


    <!-- http://www.geneontology.org/formats/oboInOwl#id -->

    <owl:AnnotationProperty rdf:about="http://www.geneontology.org/formats/oboInOwl#id">
        <obo:IAO_0000115 rdf:datatype="http://www.w3.org/2001/XMLSchema#string">An identifier is an information content entity that is the outcome of a dubbing process and is used to refer to one instance of entity shared by a group of people to refer to that individual entity.</obo:IAO_0000115>
        <rdfs:label rdf:datatype="http://www.w3.org/2001/XMLSchema#string">id</rdfs:label>
    </owl:AnnotationProperty>
    <owl:Axiom>
        <owl:annotatedSource rdf:resource="http://www.geneontology.org/formats/oboInOwl#id"/>
        <owl:annotatedProperty rdf:resource="http://purl.obolibrary.org/obo/IAO_0000115"/>
        <owl:annotatedTarget rdf:datatype="http://www.w3.org/2001/XMLSchema#string">An identifier is an information content entity that is the outcome of a dubbing process and is used to refer to one instance of entity shared by a group of people to refer to that individual entity.</owl:annotatedTarget>
        <oboInOwl:hasDbXref rdf:datatype="http://www.w3.org/2001/XMLSchema#string">url:http://purl.obolibrary.org/obo/IAO_0020000</oboInOwl:hasDbXref>
    </owl:Axiom>
    


    <!-- http://www.geneontology.org/formats/oboInOwl#inSubset -->

    <owl:AnnotationProperty rdf:about="http://www.geneontology.org/formats/oboInOwl#inSubset">
        <obo:IAO_0000115 rdf:datatype="http://www.w3.org/2001/XMLSchema#string">In subset.</obo:IAO_0000115>
        <rdfs:label rdf:datatype="http://www.w3.org/2001/XMLSchema#string">in_subset</rdfs:label>
    </owl:AnnotationProperty>
    <owl:Axiom>
        <owl:annotatedSource rdf:resource="http://www.geneontology.org/formats/oboInOwl#inSubset"/>
        <owl:annotatedProperty rdf:resource="http://purl.obolibrary.org/obo/IAO_0000115"/>
        <owl:annotatedTarget rdf:datatype="http://www.w3.org/2001/XMLSchema#string">In subset.</owl:annotatedTarget>
        <oboInOwl:hasDbXref rdf:datatype="http://www.w3.org/2001/XMLSchema#string">url:http://www.geneontology.org/formats/oboInOwl#inSubset</oboInOwl:hasDbXref>
    </owl:Axiom>
    


    <!-- http://www.geneontology.org/formats/oboInOwl#saved-by -->

    <owl:AnnotationProperty rdf:about="http://www.geneontology.org/formats/oboInOwl#saved-by">
        <obo:IAO_0000115 rdf:datatype="http://www.w3.org/2001/XMLSchema#string">Saved by.</obo:IAO_0000115>
        <rdfs:label rdf:datatype="http://www.w3.org/2001/XMLSchema#string">saved-by</rdfs:label>
    </owl:AnnotationProperty>
    <owl:Axiom>
        <owl:annotatedSource rdf:resource="http://www.geneontology.org/formats/oboInOwl#saved-by"/>
        <owl:annotatedProperty rdf:resource="http://purl.obolibrary.org/obo/IAO_0000115"/>
        <owl:annotatedTarget rdf:datatype="http://www.w3.org/2001/XMLSchema#string">Saved by.</owl:annotatedTarget>
        <oboInOwl:hasDbXref rdf:datatype="http://www.w3.org/2001/XMLSchema#string">url:http://www.geneontology.org/formats/oboInOwl#saved-by</oboInOwl:hasDbXref>
    </owl:Axiom>
    


    <!-- http://www.w3.org/2000/01/rdf-schema#comment -->

    <owl:AnnotationProperty rdf:about="http://www.w3.org/2000/01/rdf-schema#comment">
        <obo:IAO_0000115 rdf:datatype="http://www.w3.org/2001/XMLSchema#string">Comment.</obo:IAO_0000115>
        <rdfs:label rdf:datatype="http://www.w3.org/2001/XMLSchema#string">comment</rdfs:label>
    </owl:AnnotationProperty>
    <owl:Axiom>
        <owl:annotatedSource rdf:resource="http://www.w3.org/2000/01/rdf-schema#comment"/>
        <owl:annotatedProperty rdf:resource="http://purl.obolibrary.org/obo/IAO_0000115"/>
        <owl:annotatedTarget rdf:datatype="http://www.w3.org/2001/XMLSchema#string">Comment.</owl:annotatedTarget>
        <oboInOwl:hasDbXref rdf:datatype="http://www.w3.org/2001/XMLSchema#string">url:http://www.w3.org/2000/01/rdf-schema#comment</oboInOwl:hasDbXref>
    </owl:Axiom>
    


    <!-- http://www.w3.org/2000/01/rdf-schema#isDefinedBy -->

    <rdf:Description rdf:about="http://www.w3.org/2000/01/rdf-schema#isDefinedBy">
        <obo:IAO_0000115 rdf:datatype="http://www.w3.org/2001/XMLSchema#string">Is defined by.</obo:IAO_0000115>
        <rdfs:label rdf:datatype="http://www.w3.org/2001/XMLSchema#string">rdfs:isDefinedBy</rdfs:label>
    </rdf:Description>
    <owl:Axiom>
        <owl:annotatedSource rdf:resource="http://www.w3.org/2000/01/rdf-schema#isDefinedBy"/>
        <owl:annotatedProperty rdf:resource="http://purl.obolibrary.org/obo/IAO_0000115"/>
        <owl:annotatedTarget rdf:datatype="http://www.w3.org/2001/XMLSchema#string">Is defined by.</owl:annotatedTarget>
        <oboInOwl:hasDbXref rdf:datatype="http://www.w3.org/2001/XMLSchema#string">url:http://www.w3.org/2000/01/rdf-schema#isDefinedBy</oboInOwl:hasDbXref>
    </owl:Axiom>
    


    <!-- http://www.w3.org/2000/01/rdf-schema#label -->

    <owl:AnnotationProperty rdf:about="http://www.w3.org/2000/01/rdf-schema#label">
        <obo:IAO_0000115 rdf:datatype="http://www.w3.org/2001/XMLSchema#string">A human readable name for this class.</obo:IAO_0000115>
    </owl:AnnotationProperty>
    <owl:Axiom>
        <owl:annotatedSource rdf:resource="http://www.w3.org/2000/01/rdf-schema#label"/>
        <owl:annotatedProperty rdf:resource="http://purl.obolibrary.org/obo/IAO_0000115"/>
        <owl:annotatedTarget rdf:datatype="http://www.w3.org/2001/XMLSchema#string">A human readable name for this class.</owl:annotatedTarget>
        <oboInOwl:hasDbXref rdf:datatype="http://www.w3.org/2001/XMLSchema#string">url:http://www.w3.org/2000/01/rdf-schema#label</oboInOwl:hasDbXref>
        <oboInOwl:hasDbXref rdf:datatype="http://www.w3.org/2001/XMLSchema#string">url:https://www.w3.org/TR/owl-guide/</oboInOwl:hasDbXref>
    </owl:Axiom>
    


    <!-- http://www.w3.org/2002/07/owl#deprecated -->

    <owl:AnnotationProperty rdf:about="http://www.w3.org/2002/07/owl#deprecated">
        <obo:IAO_0000115 rdf:datatype="http://www.w3.org/2001/XMLSchema#string">OWL deprecated.</obo:IAO_0000115>
        <rdfs:label rdf:datatype="http://www.w3.org/2001/XMLSchema#string">owl:deprecated</rdfs:label>
    </owl:AnnotationProperty>
    <owl:Axiom>
        <owl:annotatedSource rdf:resource="http://www.w3.org/2002/07/owl#deprecated"/>
        <owl:annotatedProperty rdf:resource="http://purl.obolibrary.org/obo/IAO_0000115"/>
        <owl:annotatedTarget rdf:datatype="http://www.w3.org/2001/XMLSchema#string">OWL deprecated.</owl:annotatedTarget>
        <oboInOwl:hasDbXref rdf:datatype="http://www.w3.org/2001/XMLSchema#string">url:http://www.w3.org/2002/07/owl#deprecated</oboInOwl:hasDbXref>
    </owl:Axiom>
    


    <!-- http://www.w3.org/2002/07/owl#maxQualifiedCardinality -->

    <owl:AnnotationProperty rdf:about="http://www.w3.org/2002/07/owl#maxQualifiedCardinality">
        <obo:IAO_0000115 rdf:datatype="http://www.w3.org/2001/XMLSchema#string">Max qualified cardinality.</obo:IAO_0000115>
        <rdfs:label rdf:datatype="http://www.w3.org/2001/XMLSchema#string">owl:maxQualifiedCardinality</rdfs:label>
    </owl:AnnotationProperty>
    <owl:Axiom>
        <owl:annotatedSource rdf:resource="http://www.w3.org/2002/07/owl#maxQualifiedCardinality"/>
        <owl:annotatedProperty rdf:resource="http://purl.obolibrary.org/obo/IAO_0000115"/>
        <owl:annotatedTarget rdf:datatype="http://www.w3.org/2001/XMLSchema#string">Max qualified cardinality.</owl:annotatedTarget>
        <oboInOwl:hasDbXref rdf:datatype="http://www.w3.org/2001/XMLSchema#string">url:http://www.w3.org/2002/07/owl#maxQualifiedCardinality</oboInOwl:hasDbXref>
    </owl:Axiom>
    


    <!-- http://www.w3.org/2002/07/owl#minQualifiedCardinality -->

    <owl:AnnotationProperty rdf:about="http://www.w3.org/2002/07/owl#minQualifiedCardinality">
        <obo:IAO_0000115 rdf:datatype="http://www.w3.org/2001/XMLSchema#string">Min qualified cardinality.</obo:IAO_0000115>
        <rdfs:label rdf:datatype="http://www.w3.org/2001/XMLSchema#string">owl:minQualifiedCardinality</rdfs:label>
    </owl:AnnotationProperty>
    <owl:Axiom>
        <owl:annotatedSource rdf:resource="http://www.w3.org/2002/07/owl#minQualifiedCardinality"/>
        <owl:annotatedProperty rdf:resource="http://purl.obolibrary.org/obo/IAO_0000115"/>
        <owl:annotatedTarget rdf:datatype="http://www.w3.org/2001/XMLSchema#string">Min qualified cardinality.</owl:annotatedTarget>
        <rdfs:comment rdf:datatype="http://www.w3.org/2001/XMLSchema#string">url:http://www.w3.org/2002/07/owl#minQualifiedCardinality</rdfs:comment>
    </owl:Axiom>
    


    <!-- http://www.w3.org/2002/07/owl#qualifiedCardinality -->

    <owl:AnnotationProperty rdf:about="http://www.w3.org/2002/07/owl#qualifiedCardinality">
        <obo:IAO_0000115 rdf:datatype="http://www.w3.org/2001/XMLSchema#string">Qualified cardinality.</obo:IAO_0000115>
        <rdfs:label rdf:datatype="http://www.w3.org/2001/XMLSchema#string">owl:qualifiedCardinality</rdfs:label>
    </owl:AnnotationProperty>
    <owl:Axiom>
        <owl:annotatedSource rdf:resource="http://www.w3.org/2002/07/owl#qualifiedCardinality"/>
        <owl:annotatedProperty rdf:resource="http://purl.obolibrary.org/obo/IAO_0000115"/>
        <owl:annotatedTarget rdf:datatype="http://www.w3.org/2001/XMLSchema#string">Qualified cardinality.</owl:annotatedTarget>
        <oboInOwl:hasDbXref rdf:datatype="http://www.w3.org/2001/XMLSchema#string">url:http://www.w3.org/2002/07/owl#qualifiedCardinality</oboInOwl:hasDbXref>
    </owl:Axiom>
    


    <!-- http://www.w3.org/2004/02/skos/core#broadMatch -->

    <owl:AnnotationProperty rdf:about="http://www.w3.org/2004/02/skos/core#broadMatch">
        <obo:IAO_0000115 rdf:datatype="http://www.w3.org/2001/XMLSchema#string">A skos concept mapping used to state a hierarchical mapping link between two concepts where the DO concept is broad and the xref is narrow (represents subtypes).</obo:IAO_0000115>
        <rdfs:label rdf:datatype="http://www.w3.org/2001/XMLSchema#string">has broader match</rdfs:label>
    </owl:AnnotationProperty>
    <owl:Axiom>
        <owl:annotatedSource rdf:resource="http://www.w3.org/2004/02/skos/core#broadMatch"/>
        <owl:annotatedProperty rdf:resource="http://purl.obolibrary.org/obo/IAO_0000115"/>
        <owl:annotatedTarget rdf:datatype="http://www.w3.org/2001/XMLSchema#string">A skos concept mapping used to state a hierarchical mapping link between two concepts where the DO concept is broad and the xref is narrow (represents subtypes).</owl:annotatedTarget>
        <oboInOwl:hasDbXref rdf:datatype="http://www.w3.org/2001/XMLSchema#string">url:https://www.w3.org/2009/08/skos-reference/skos.html#broadMatch</oboInOwl:hasDbXref>
    </owl:Axiom>
    


    <!-- http://www.w3.org/2004/02/skos/core#closeMatch -->

    <owl:AnnotationProperty rdf:about="http://www.w3.org/2004/02/skos/core#closeMatch">
        <obo:IAO_0000115 rdf:datatype="http://www.w3.org/2001/XMLSchema#string">A skos concept mapping used to link two concepts that are sufficiently similar that they can be used interchangeably.</obo:IAO_0000115>
        <rdfs:label rdf:datatype="http://www.w3.org/2001/XMLSchema#string">has close match</rdfs:label>
    </owl:AnnotationProperty>
    <owl:Axiom>
        <owl:annotatedSource rdf:resource="http://www.w3.org/2004/02/skos/core#closeMatch"/>
        <owl:annotatedProperty rdf:resource="http://purl.obolibrary.org/obo/IAO_0000115"/>
        <owl:annotatedTarget rdf:datatype="http://www.w3.org/2001/XMLSchema#string">A skos concept mapping used to link two concepts that are sufficiently similar that they can be used interchangeably.</owl:annotatedTarget>
        <oboInOwl:hasDbXref rdf:datatype="http://www.w3.org/2001/XMLSchema#string">url:https://www.w3.org/2009/08/skos-reference/skos.html#closeMatch</oboInOwl:hasDbXref>
    </owl:Axiom>
    


    <!-- http://www.w3.org/2004/02/skos/core#exactMatch -->

    <owl:AnnotationProperty rdf:about="http://www.w3.org/2004/02/skos/core#exactMatch">
        <obo:IAO_0000115 rdf:datatype="http://www.w3.org/2001/XMLSchema#string">A skos concept mapping used to link two concepts, indicating a high degree of confidence that the concepts can be used interchangeably.</obo:IAO_0000115>
        <rdfs:label rdf:datatype="http://www.w3.org/2001/XMLSchema#string">has exact match</rdfs:label>
    </owl:AnnotationProperty>
    <owl:Axiom>
        <owl:annotatedSource rdf:resource="http://www.w3.org/2004/02/skos/core#exactMatch"/>
        <owl:annotatedProperty rdf:resource="http://purl.obolibrary.org/obo/IAO_0000115"/>
        <owl:annotatedTarget rdf:datatype="http://www.w3.org/2001/XMLSchema#string">A skos concept mapping used to link two concepts, indicating a high degree of confidence that the concepts can be used interchangeably.</owl:annotatedTarget>
        <oboInOwl:hasDbXref rdf:datatype="http://www.w3.org/2001/XMLSchema#string">url:https://www.w3.org/2009/08/skos-reference/skos.html#exactMatch</oboInOwl:hasDbXref>
    </owl:Axiom>
    


    <!-- http://www.w3.org/2004/02/skos/core#narrowMatch -->

    <owl:AnnotationProperty rdf:about="http://www.w3.org/2004/02/skos/core#narrowMatch">
        <obo:IAO_0000115 rdf:datatype="http://www.w3.org/2001/XMLSchema#string">A skos concept mapping used to state a hierarchical mapping link between two concepts where the DO concept is narrow (DO represents subtypes) and the xref is broad.</obo:IAO_0000115>
        <rdfs:label rdf:datatype="http://www.w3.org/2001/XMLSchema#string">has narrower match</rdfs:label>
    </owl:AnnotationProperty>
    <owl:Axiom>
        <owl:annotatedSource rdf:resource="http://www.w3.org/2004/02/skos/core#narrowMatch"/>
        <owl:annotatedProperty rdf:resource="http://purl.obolibrary.org/obo/IAO_0000115"/>
        <owl:annotatedTarget rdf:datatype="http://www.w3.org/2001/XMLSchema#string">A skos concept mapping used to state a hierarchical mapping link between two concepts where the DO concept is narrow (DO represents subtypes) and the xref is broad.</owl:annotatedTarget>
        <oboInOwl:hasDbXref rdf:datatype="http://www.w3.org/2001/XMLSchema#string">url:https://www.w3.org/2009/08/skos-reference/skos.html#narrowMatch</oboInOwl:hasDbXref>
    </owl:Axiom>
    


    <!-- http://www.w3.org/2004/02/skos/core#relatedMatch -->

    <owl:AnnotationProperty rdf:about="http://www.w3.org/2004/02/skos/core#relatedMatch">
        <obo:IAO_0000115 rdf:datatype="http://www.w3.org/2001/XMLSchema#string">A skos concept mapping used to state an associative mapping link between two concepts.</obo:IAO_0000115>
        <rdfs:label rdf:datatype="http://www.w3.org/2001/XMLSchema#string">has related match</rdfs:label>
    </owl:AnnotationProperty>
    <owl:Axiom>
        <owl:annotatedSource rdf:resource="http://www.w3.org/2004/02/skos/core#relatedMatch"/>
        <owl:annotatedProperty rdf:resource="http://purl.obolibrary.org/obo/IAO_0000115"/>
        <owl:annotatedTarget rdf:datatype="http://www.w3.org/2001/XMLSchema#string">A skos concept mapping used to state an associative mapping link between two concepts.</owl:annotatedTarget>
        <oboInOwl:hasDbXref rdf:datatype="http://www.w3.org/2001/XMLSchema#string">https://www.w3.org/2009/08/skos-reference/skos.html#relatedMatch</oboInOwl:hasDbXref>
    </owl:Axiom>
    


    <!-- 
    ///////////////////////////////////////////////////////////////////////////////////////
    //
    // Object Properties
    //
    ///////////////////////////////////////////////////////////////////////////////////////
     -->

    


    <!-- http://purl.obolibrary.org/obo/IDO_0000664 -->

    <owl:ObjectProperty rdf:about="http://purl.obolibrary.org/obo/IDO_0000664">
        <rdfs:label rdf:datatype="http://www.w3.org/2001/XMLSchema#string">has material basis in</rdfs:label>
    </owl:ObjectProperty>
    


    <!-- http://purl.obolibrary.org/obo/RO_0001000 -->

    <owl:ObjectProperty rdf:about="http://purl.obolibrary.org/obo/RO_0001000">
        <obo:IAO_0000115 rdf:datatype="http://www.w3.org/2001/XMLSchema#string">Type of tissue or cell/the source of the material.</obo:IAO_0000115>
        <oboInOwl:hasOBONamespace rdf:datatype="http://www.w3.org/2001/XMLSchema#string">disease_ontology</oboInOwl:hasOBONamespace>
        <oboInOwl:id rdf:datatype="http://www.w3.org/2001/XMLSchema#string">RO:0001000</oboInOwl:id>
        <rdfs:label rdf:datatype="http://www.w3.org/2001/XMLSchema#string">derives_from</rdfs:label>
    </owl:ObjectProperty>
    <owl:Axiom>
        <owl:annotatedSource rdf:resource="http://purl.obolibrary.org/obo/RO_0001000"/>
        <owl:annotatedProperty rdf:resource="http://purl.obolibrary.org/obo/IAO_0000115"/>
        <owl:annotatedTarget rdf:datatype="http://www.w3.org/2001/XMLSchema#string">Type of tissue or cell/the source of the material.</owl:annotatedTarget>
        <oboInOwl:hasDbXref rdf:datatype="http://www.w3.org/2001/XMLSchema#string">DO:lh</oboInOwl:hasDbXref>
    </owl:Axiom>
    


    <!-- http://purl.obolibrary.org/obo/RO_0002220 -->

    <owl:ObjectProperty rdf:about="http://purl.obolibrary.org/obo/RO_0002220">
        <rdfs:subPropertyOf rdf:resource="http://www.w3.org/2002/07/owl#topObjectProperty"/>
        <obo:IAO_0000115 rdf:datatype="http://www.w3.org/2001/XMLSchema#string">A spatial quality inhering in a bearer by virtue of the bearer&apos;s being located near in space in relation to another entity.</obo:IAO_0000115>
        <rdfs:label xml:lang="en">adjacent_to</rdfs:label>
    </owl:ObjectProperty>
    


    <!-- http://purl.obolibrary.org/obo/RO_0002452 -->

    <owl:ObjectProperty rdf:about="http://purl.obolibrary.org/obo/RO_0002452">
        <obo:IAO_0000115 rdf:datatype="http://www.w3.org/2001/XMLSchema#string">A relation that holds between a disease or an organism and a symptom. Symptom(s) associated with a disease.</obo:IAO_0000115>
        <oboInOwl:hasOBONamespace rdf:datatype="http://www.w3.org/2001/XMLSchema#string">disease_ontology</oboInOwl:hasOBONamespace>
        <oboInOwl:id rdf:datatype="http://www.w3.org/2001/XMLSchema#string">RO:0002452</oboInOwl:id>
        <rdfs:label rdf:datatype="http://www.w3.org/2001/XMLSchema#string">has_symptom</rdfs:label>
    </owl:ObjectProperty>
    


    <!-- http://purl.obolibrary.org/obo/RO#_is_a -->

    <owl:ObjectProperty rdf:about="http://purl.obolibrary.org/obo/RO#_is_a">
        <obo:IAO_0000115 rdf:datatype="http://www.w3.org/2001/XMLSchema#string">Relation defining child to partent inheritance type.</obo:IAO_0000115>
        <oboInOwl:hasOBONamespace rdf:datatype="http://www.w3.org/2001/XMLSchema#string">disease_ontology</oboInOwl:hasOBONamespace>
        <rdfs:label rdf:datatype="http://www.w3.org/2001/XMLSchema#string">is_a</rdfs:label>
    </owl:ObjectProperty>
    <owl:Axiom>
        <owl:annotatedSource rdf:resource="http://purl.obolibrary.org/obo/RO#_is_a"/>
        <owl:annotatedProperty rdf:resource="http://purl.obolibrary.org/obo/IAO_0000115"/>
        <owl:annotatedTarget rdf:datatype="http://www.w3.org/2001/XMLSchema#string">Relation defining child to partent inheritance type.</owl:annotatedTarget>
        <oboInOwl:hasDbXref rdf:datatype="http://www.w3.org/2001/XMLSchema#string">url:http://geneontology.org/docs/ontology-relations/</oboInOwl:hasDbXref>
        <oboInOwl:hasDbXref rdf:datatype="http://www.w3.org/2001/XMLSchema#string">url:http://purl.obolibrary.org/obo/rex#is_a</oboInOwl:hasDbXref>
    </owl:Axiom>

    <!-- 
    ///////////////////////////////////////////////////////////////////////////////////////
    //
    // Classes
    //
    ///////////////////////////////////////////////////////////////////////////////////////
     -->

    


    <!-- http://purl.obolibrary.org/obo/DOID_0001816 -->

    <owl:Class rdf:about="http://purl.obolibrary.org/obo/DOID_0001816">
        <rdfs:subClassOf rdf:resource="http://purl.obolibrary.org/obo/DOID_175"/>
        <obo:IAO_0000115 rdf:datatype="http://www.w3.org/2001/XMLSchema#string">A vascular cancer that derives_from the cells that line the walls of blood vessels or lymphatic vessels.</obo:IAO_0000115>
        <oboInOwl:hasAlternativeId rdf:datatype="http://www.w3.org/2001/XMLSchema#string">DOID:267</oboInOwl:hasAlternativeId>
        <oboInOwl:hasAlternativeId rdf:datatype="http://www.w3.org/2001/XMLSchema#string">DOID:4508</oboInOwl:hasAlternativeId>
        <oboInOwl:hasDbXref>ICDO:9120/3</oboInOwl:hasDbXref>
        <oboInOwl:hasDbXref rdf:datatype="http://www.w3.org/2001/XMLSchema#string">MESH:D006394</oboInOwl:hasDbXref>
        <oboInOwl:hasDbXref rdf:datatype="http://www.w3.org/2001/XMLSchema#string">NCI:C3088</oboInOwl:hasDbXref>
        <oboInOwl:hasDbXref rdf:datatype="http://www.w3.org/2001/XMLSchema#string">NCI:C9275</oboInOwl:hasDbXref>
        <oboInOwl:hasDbXref rdf:datatype="http://www.w3.org/2001/XMLSchema#string">SNOMEDCT_US_2020_09_01:39000009</oboInOwl:hasDbXref>
        <oboInOwl:hasDbXref rdf:datatype="http://www.w3.org/2001/XMLSchema#string">UMLS_CUI:C0018923</oboInOwl:hasDbXref>
        <oboInOwl:hasDbXref rdf:datatype="http://www.w3.org/2001/XMLSchema#string">UMLS_CUI:C0854893</oboInOwl:hasDbXref>
        <oboInOwl:hasExactSynonym xml:lang="en">hemangiosarcoma</oboInOwl:hasExactSynonym>
        <oboInOwl:hasOBONamespace rdf:datatype="http://www.w3.org/2001/XMLSchema#string">disease_ontology</oboInOwl:hasOBONamespace>
        <oboInOwl:id rdf:datatype="http://www.w3.org/2001/XMLSchema#string">DOID:0001816</oboInOwl:id>
        <oboInOwl:inSubset rdf:resource="http://purl.obolibrary.org/obo/doid#DO_cancer_slim"/>
        <oboInOwl:inSubset rdf:resource="http://purl.obolibrary.org/obo/doid#NCIthesaurus"/>
        <rdfs:label rdf:datatype="http://www.w3.org/2001/XMLSchema#string">angiosarcoma</rdfs:label>
    </owl:Class>
    <owl:Axiom>
        <owl:annotatedSource rdf:resource="http://purl.obolibrary.org/obo/DOID_0001816"/>
        <owl:annotatedProperty rdf:resource="http://purl.obolibrary.org/obo/IAO_0000115"/>
        <owl:annotatedTarget rdf:datatype="http://www.w3.org/2001/XMLSchema#string">A vascular cancer that derives_from the cells that line the walls of blood vessels or lymphatic vessels.</owl:annotatedTarget>
        <dc:type rdf:resource="http://purl.obolibrary.org/obo/ECO_0007636"/>
        <dc:type rdf:resource="http://purl.obolibrary.org/obo/ECO_0007638"/>
        <dc:type rdf:resource="http://purl.obolibrary.org/obo/ECO_0007645"/>
        <oboInOwl:hasDbXref rdf:datatype="http://www.w3.org/2001/XMLSchema#string">url:http://en.wikipedia.org/wiki/Hemangiosarcoma</oboInOwl:hasDbXref>
        <oboInOwl:hasDbXref rdf:datatype="http://www.w3.org/2001/XMLSchema#string">url:https://en.wikipedia.org/wiki/Angiosarcoma</oboInOwl:hasDbXref>
        <oboInOwl:hasDbXref rdf:datatype="http://www.w3.org/2001/XMLSchema#string">url:https://ncit.nci.nih.gov/ncitbrowser/ConceptReport.jsp?dictionary=NCI_Thesaurus&amp;ns=ncit&amp;code=C3088</oboInOwl:hasDbXref>
        <oboInOwl:hasDbXref rdf:datatype="http://www.w3.org/2001/XMLSchema#string">url:https://www.ncbi.nlm.nih.gov/pubmed/23327728</oboInOwl:hasDbXref>
    </owl:Axiom>
    


    <!-- http://purl.obolibrary.org/obo/DOID_0040091 -->

    <owl:Class rdf:about="http://purl.obolibrary.org/obo/DOID_0040091">
        <rdfs:subClassOf rdf:resource="http://purl.obolibrary.org/obo/DOID_0060005"/>
        <obo:IAO_0000115 rdf:datatype="http://www.w3.org/2001/XMLSchema#string">An autoimmune disease of endocrine system that is located_in the pancreas.</obo:IAO_0000115>
        <oboInOwl:hasDbXref rdf:datatype="http://www.w3.org/2001/XMLSchema#string">MESH:D000081012</oboInOwl:hasDbXref>
        <oboInOwl:hasDbXref rdf:datatype="http://www.w3.org/2001/XMLSchema#string">SNOMEDCT_US_2020_09_01:448542008</oboInOwl:hasDbXref>
        <oboInOwl:hasDbXref rdf:datatype="http://www.w3.org/2001/XMLSchema#string">UMLS_CUI:C2609129</oboInOwl:hasDbXref>
        <oboInOwl:hasOBONamespace rdf:datatype="http://www.w3.org/2001/XMLSchema#string">disease_ontology</oboInOwl:hasOBONamespace>
        <oboInOwl:id rdf:datatype="http://www.w3.org/2001/XMLSchema#string">DOID:0040091</oboInOwl:id>
        <oboInOwl:inSubset rdf:resource="http://purl.obolibrary.org/obo/doid#DO_IEDB_slim"/>
        <rdfs:label rdf:datatype="http://www.w3.org/2001/XMLSchema#string">autoimmune pancreatitis</rdfs:label>
        <skos:exactMatch rdf:datatype="http://www.w3.org/2001/XMLSchema#string">MESH:D000081012</skos:exactMatch>
    </owl:Class>
    <owl:Axiom>
        <owl:annotatedSource rdf:resource="http://purl.obolibrary.org/obo/DOID_0040091"/>
        <owl:annotatedProperty rdf:resource="http://purl.obolibrary.org/obo/IAO_0000115"/>
        <owl:annotatedTarget rdf:datatype="http://www.w3.org/2001/XMLSchema#string">An autoimmune disease of endocrine system that is located_in the pancreas.</owl:annotatedTarget>
        <dc:type rdf:resource="http://purl.obolibrary.org/obo/ECO_0007645"/>
        <oboInOwl:hasDbXref rdf:datatype="http://www.w3.org/2001/XMLSchema#string">url:https://www.ncbi.nlm.nih.gov/pubmed/19940298</oboInOwl:hasDbXref>
        <rdfs:comment rdf:datatype="http://www.w3.org/2001/XMLSchema#string">IEDB:RV</rdfs:comment>
    </owl:Axiom>

    <!-- http://purl.obolibrary.org/obo/DOID_0050001 -->

    <owl:Class rdf:about="http://purl.obolibrary.org/obo/DOID_0050001">
        <oboInOwl:hasOBONamespace rdf:datatype="http://www.w3.org/2001/XMLSchema#string">disease_ontology</oboInOwl:hasOBONamespace>
        <oboInOwl:id rdf:datatype="http://www.w3.org/2001/XMLSchema#string">DOID:0050001</oboInOwl:id>
        <oboInOwl:inSubset rdf:resource="http://purl.obolibrary.org/obo/doid#gram-positive_bacterial_infectious_disease"/>
        <rdfs:label rdf:datatype="http://www.w3.org/2001/XMLSchema#string">obsolete Actinomadura madurae infectious disease</rdfs:label>
        <owl:deprecated rdf:datatype="http://www.w3.org/2001/XMLSchema#boolean">true</owl:deprecated>
    </owl:Class>

    <!-- http://purl.obolibrary.org/obo/DOID_4473 -->

    <owl:Class rdf:about="http://purl.obolibrary.org/obo/DOID_4473">
        <rdfs:subClassOf rdf:resource="http://purl.obolibrary.org/obo/DOID_4450"/>
        <oboInOwl:hasDbXref rdf:datatype="http://www.w3.org/2001/XMLSchema#string">MESH:D002292</oboInOwl:hasDbXref>
        <oboInOwl:hasDbXref rdf:datatype="http://www.w3.org/2001/XMLSchema#string">NCI:C27893</oboInOwl:hasDbXref>
        <oboInOwl:hasDbXref rdf:datatype="http://www.w3.org/2001/XMLSchema#string">SNOMEDCT_US_2020_09_01:128668003</oboInOwl:hasDbXref>
        <oboInOwl:hasDbXref rdf:datatype="http://www.w3.org/2001/XMLSchema#string">UMLS_CUI:C1266043</oboInOwl:hasDbXref>
        <oboInOwl:hasExactSynonym xml:lang="en">renal cell carcinoma, spindle cell</oboInOwl:hasExactSynonym>
        <oboInOwl:hasOBONamespace rdf:datatype="http://www.w3.org/2001/XMLSchema#string">disease_ontology</oboInOwl:hasOBONamespace>
        <oboInOwl:id rdf:datatype="http://www.w3.org/2001/XMLSchema#string">DOID:4473</oboInOwl:id>
        <oboInOwl:inSubset rdf:resource="http://purl.obolibrary.org/obo/doid#NCIthesaurus"/>
        <rdfs:label rdf:datatype="http://www.w3.org/2001/XMLSchema#string">sarcomatoid renal cell carcinoma</rdfs:label>
    </owl:Class>

    <!-- http://purl.obolibrary.org/obo/DOID_0040085 -->

    <owl:Class rdf:about="http://purl.obolibrary.org/obo/DOID_0040085">
        <rdfs:subClassOf rdf:resource="http://purl.obolibrary.org/obo/DOID_104"/>
        <obo:IAO_0000115 rdf:datatype="http://www.w3.org/2001/XMLSchema#string">A bacterial infectious disease has_material_basis_in Bacteria.</obo:IAO_0000115>
        <oboInOwl:hasDbXref rdf:datatype="http://www.w3.org/2001/XMLSchema#string">ICD9CM:995.91</oboInOwl:hasDbXref>
        <oboInOwl:hasDbXref rdf:datatype="http://www.w3.org/2001/XMLSchema#string">SNOMEDCT_US_2020_03_01:10001005</oboInOwl:hasDbXref>
        <oboInOwl:hasOBONamespace rdf:datatype="http://www.w3.org/2001/XMLSchema#string">disease_ontology</oboInOwl:hasOBONamespace>
        <oboInOwl:id rdf:datatype="http://www.w3.org/2001/XMLSchema#string">DOID:0040085</oboInOwl:id>
        <oboInOwl:inSubset rdf:resource="http://purl.obolibrary.org/obo/doid#DO_IEDB_slim"/>
        <rdfs:label rdf:datatype="http://www.w3.org/2001/XMLSchema#string">bacterial sepsis</rdfs:label>
    </owl:Class>
    <owl:Axiom>
        <owl:annotatedSource rdf:resource="http://purl.obolibrary.org/obo/DOID_0040085"/>
        <owl:annotatedProperty rdf:resource="http://purl.obolibrary.org/obo/IAO_0000115"/>
        <owl:annotatedTarget rdf:datatype="http://www.w3.org/2001/XMLSchema#string">A bacterial infectious disease has_material_basis_in Bacteria.</owl:annotatedTarget>
        <dc:type rdf:resource="http://purl.obolibrary.org/obo/ECO_0007645"/>
        <oboInOwl:hasDbXref rdf:datatype="http://www.w3.org/2001/XMLSchema#string">url:https://www.ncbi.nlm.nih.gov/pubmed/20421654</oboInOwl:hasDbXref>
        <rdfs:comment rdf:datatype="http://www.w3.org/2001/XMLSchema#string">IEDB:RV</rdfs:comment>
    </owl:Axiom>

    <!-- http://purl.obolibrary.org/obo/DOID_0040098 -->

    <owl:Class rdf:about="http://purl.obolibrary.org/obo/DOID_0040098">
        <rdfs:subClassOf rdf:resource="http://purl.obolibrary.org/obo/DOID_9182"/>
        <obo:IAO_0000115 rdf:datatype="http://www.w3.org/2001/XMLSchema#string">A pemphigus that is characterized by blistered skin as a result of self-reactive T and B cells that target BP180.</obo:IAO_0000115>
        <oboInOwl:hasDbXref rdf:datatype="http://www.w3.org/2001/XMLSchema#string">ICD10CM:O26.4</oboInOwl:hasDbXref>
        <oboInOwl:hasDbXref rdf:datatype="http://www.w3.org/2001/XMLSchema#string">MESH:D006559</oboInOwl:hasDbXref>
        <oboInOwl:hasDbXref rdf:datatype="http://www.w3.org/2001/XMLSchema#string">SNOMEDCT_US_2018_03_01:86081009</oboInOwl:hasDbXref>
        <oboInOwl:hasOBONamespace rdf:datatype="http://www.w3.org/2001/XMLSchema#string">disease_ontology</oboInOwl:hasOBONamespace>
        <oboInOwl:id rdf:datatype="http://www.w3.org/2001/XMLSchema#string">DOID:0040098</oboInOwl:id>
        <oboInOwl:inSubset rdf:resource="http://purl.obolibrary.org/obo/doid#DO_IEDB_slim"/>
        <rdfs:label rdf:datatype="http://www.w3.org/2001/XMLSchema#string">pemphigus gestationis</rdfs:label>
    </owl:Class>
    <owl:Axiom>
        <owl:annotatedSource rdf:resource="http://purl.obolibrary.org/obo/DOID_0040098"/>
        <owl:annotatedProperty rdf:resource="http://purl.obolibrary.org/obo/IAO_0000115"/>
        <owl:annotatedTarget rdf:datatype="http://www.w3.org/2001/XMLSchema#string">A pemphigus that is characterized by blistered skin as a result of self-reactive T and B cells that target BP180.</owl:annotatedTarget>
        <dc:type rdf:resource="http://purl.obolibrary.org/obo/ECO_0007645"/>
        <oboInOwl:hasDbXref rdf:datatype="http://www.w3.org/2001/XMLSchema#string">url:https://www.ncbi.nlm.nih.gov/pubmed/16552711</oboInOwl:hasDbXref>
        <rdfs:comment rdf:datatype="http://www.w3.org/2001/XMLSchema#string">IEDB:RV</rdfs:comment>
    </owl:Axiom>
    
    <!-- http://purl.obolibrary.org/obo/DOID_0040005 -->

    <owl:Class rdf:about="http://purl.obolibrary.org/obo/DOID_0040005">
        <rdfs:subClassOf rdf:resource="http://purl.obolibrary.org/obo/DOID_0040021"/>
        <obo:IAO_0000115 rdf:datatype="http://www.w3.org/2001/XMLSchema#string">A cephalosporin allergy that has_allergic_trigger ceftriaxone.</obo:IAO_0000115>
        <oboInOwl:hasDbXref rdf:datatype="http://www.w3.org/2001/XMLSchema#string">SNOMEDCT_US_2020_09_01:294551009</oboInOwl:hasDbXref>
        <oboInOwl:hasDbXref rdf:datatype="http://www.w3.org/2001/XMLSchema#string">UMLS_CUI:C0571463</oboInOwl:hasDbXref>
        <oboInOwl:hasExactSynonym xml:lang="en">rocephin allergy</oboInOwl:hasExactSynonym>
        <oboInOwl:hasOBONamespace rdf:datatype="http://www.w3.org/2001/XMLSchema#string">disease_ontology</oboInOwl:hasOBONamespace>
        <oboInOwl:id rdf:datatype="http://www.w3.org/2001/XMLSchema#string">DOID:0040005</oboInOwl:id>
        <oboInOwl:inSubset rdf:resource="http://purl.obolibrary.org/obo/doid#DO_IEDB_slim"/>
        <rdfs:label rdf:datatype="http://www.w3.org/2001/XMLSchema#string">ceftriaxone allergy</rdfs:label>
    </owl:Class>
    <owl:Axiom>
        <owl:annotatedSource rdf:resource="http://purl.obolibrary.org/obo/DOID_0040005"/>
        <owl:annotatedProperty rdf:resource="http://purl.obolibrary.org/obo/IAO_0000115"/>
        <owl:annotatedTarget rdf:datatype="http://www.w3.org/2001/XMLSchema#string">A cephalosporin allergy that has_allergic_trigger ceftriaxone.</owl:annotatedTarget>
        <dc:type rdf:resource="http://purl.obolibrary.org/obo/ECO_0007645"/>
        <oboInOwl:hasDbXref rdf:datatype="http://www.w3.org/2001/XMLSchema#string">url:https://www.ncbi.nlm.nih.gov/pubmed/12833570</oboInOwl:hasDbXref>
        <rdfs:comment rdf:datatype="http://www.w3.org/2001/XMLSchema#string">IEDB:RV</rdfs:comment>
    </owl:Axiom>

    <!-- http://purl.obolibrary.org/obo/DOID_0050043 -->

    <owl:Class rdf:about="http://purl.obolibrary.org/obo/DOID_0050043">
        <rdfs:subClassOf rdf:resource="http://purl.obolibrary.org/obo/DOID_11104"/>
        <obo:IAO_0000115 rdf:datatype="http://www.w3.org/2001/XMLSchema#string">A spotted fever that has_material_basis_in Rickettsia conorii subsp israelensis, which is transmitted_by ticks (Rhipicephalus sanguineus). The infection has_symptom fever, has_symptom eschar, has_symptom regional adenopathy, and has_symptom maculopapular rash on extremities.</obo:IAO_0000115>
        <oboInOwl:hasOBONamespace rdf:datatype="http://www.w3.org/2001/XMLSchema#string">disease_ontology</oboInOwl:hasOBONamespace>
        <oboInOwl:hasRelatedSynonym xml:lang="en">Israeli spotted fever</oboInOwl:hasRelatedSynonym>
        <oboInOwl:id rdf:datatype="http://www.w3.org/2001/XMLSchema#string">DOID:0050043</oboInOwl:id>
        <oboInOwl:inSubset rdf:resource="http://purl.obolibrary.org/obo/doid#gram-negative_bacterial_infectious_disease"/>
        <oboInOwl:inSubset rdf:resource="http://purl.obolibrary.org/obo/doid#tick-borne_infectious_disease"/>
        <oboInOwl:inSubset rdf:resource="http://purl.obolibrary.org/obo/doid#zoonotic_infectious_disease"/>
        <rdfs:label rdf:datatype="http://www.w3.org/2001/XMLSchema#string">Israeli tick typhus</rdfs:label>
    </owl:Class>
    <owl:Axiom>
        <owl:annotatedSource rdf:resource="http://purl.obolibrary.org/obo/DOID_0050043"/>
        <owl:annotatedProperty rdf:resource="http://purl.obolibrary.org/obo/IAO_0000115"/>
        <owl:annotatedTarget rdf:datatype="http://www.w3.org/2001/XMLSchema#string">A spotted fever that has_material_basis_in Rickettsia conorii subsp israelensis, which is transmitted_by ticks (Rhipicephalus sanguineus). The infection has_symptom fever, has_symptom eschar, has_symptom regional adenopathy, and has_symptom maculopapular rash on extremities.</owl:annotatedTarget>
        <dc:type rdf:resource="http://purl.obolibrary.org/obo/ECO_0007637"/>
        <dc:type rdf:resource="http://purl.obolibrary.org/obo/ECO_0007645"/>
        <oboInOwl:hasDbXref rdf:datatype="http://www.w3.org/2001/XMLSchema#string">url:http://www.biomedcentral.com/1471-2180/5/11</oboInOwl:hasDbXref>
        <oboInOwl:hasDbXref rdf:datatype="http://www.w3.org/2001/XMLSchema#string">url:http://www.cdc.gov/otherspottedfever/index.html</oboInOwl:hasDbXref>
    </owl:Axiom>
    
    <!-- http://purl.obolibrary.org/obo/DOID_0040006 -->

    <owl:Class rdf:about="http://purl.obolibrary.org/obo/DOID_0040006">
        <rdfs:subClassOf rdf:resource="http://purl.obolibrary.org/obo/DOID_0060500"/>
        <obo:IAO_0000115 rdf:datatype="http://www.w3.org/2001/XMLSchema#string">A drug allergy that has_allergic_trigger carbamazepine.</obo:IAO_0000115>
        <oboInOwl:hasDbXref rdf:datatype="http://www.w3.org/2001/XMLSchema#string">SNOMEDCT_US_2020_09_01:293867002</oboInOwl:hasDbXref>
        <oboInOwl:hasDbXref rdf:datatype="http://www.w3.org/2001/XMLSchema#string">UMLS_CUI:C0570787</oboInOwl:hasDbXref>
        <oboInOwl:hasExactSynonym xml:lang="en">Tegretol allergy</oboInOwl:hasExactSynonym>
        <oboInOwl:hasExactSynonym xml:lang="en">carbamazepen allergy</oboInOwl:hasExactSynonym>
        <oboInOwl:hasOBONamespace rdf:datatype="http://www.w3.org/2001/XMLSchema#string">disease_ontology</oboInOwl:hasOBONamespace>
        <oboInOwl:id rdf:datatype="http://www.w3.org/2001/XMLSchema#string">DOID:0040006</oboInOwl:id>
        <oboInOwl:inSubset rdf:resource="http://purl.obolibrary.org/obo/doid#DO_IEDB_slim"/>
        <rdfs:label rdf:datatype="http://www.w3.org/2001/XMLSchema#string">carbamazepine allergy</rdfs:label>
    </owl:Class>
    <owl:Axiom>
        <owl:annotatedSource rdf:resource="http://purl.obolibrary.org/obo/DOID_0040006"/>
        <owl:annotatedProperty rdf:resource="http://purl.obolibrary.org/obo/IAO_0000115"/>
        <owl:annotatedTarget rdf:datatype="http://www.w3.org/2001/XMLSchema#string">A drug allergy that has_allergic_trigger carbamazepine.</owl:annotatedTarget>
        <dc:type rdf:resource="http://purl.obolibrary.org/obo/ECO_0007645"/>
        <oboInOwl:hasDbXref rdf:datatype="http://www.w3.org/2001/XMLSchema#string">url:https://www.ncbi.nlm.nih.gov/pubmed/7602118</oboInOwl:hasDbXref>
        <rdfs:comment rdf:datatype="http://www.w3.org/2001/XMLSchema#string">IEDB:RV</rdfs:comment>
    </owl:Axiom>

    <!-- http://purl.obolibrary.org/obo/DOID_1205 -->

    <owl:Class rdf:about="http://purl.obolibrary.org/obo/DOID_1205">
        <rdfs:subClassOf rdf:resource="http://purl.obolibrary.org/obo/DOID_2914"/>
        <obo:IAO_0000115 rdf:datatype="http://www.w3.org/2001/XMLSchema#string">An immune system disease that is an exaggerated immune response to allergens, such as insect venom, dust mites, pollen, pet dander, drugs or some foods.</obo:IAO_0000115>
        <obo:OBI_9991118 rdf:datatype="http://www.w3.org/2001/XMLSchema#string">allergic disease</obo:OBI_9991118>
        <oboInOwl:hasDbXref rdf:datatype="http://www.w3.org/2001/XMLSchema#string">ICD10CM:T78.40</oboInOwl:hasDbXref>
        <oboInOwl:hasDbXref rdf:datatype="http://www.w3.org/2001/XMLSchema#string">MESH:D006967</oboInOwl:hasDbXref>
        <oboInOwl:hasDbXref rdf:datatype="http://www.w3.org/2001/XMLSchema#string">NCI:C3114</oboInOwl:hasDbXref>
        <oboInOwl:hasDbXref rdf:datatype="http://www.w3.org/2001/XMLSchema#string">SNOMEDCT_US_2020_09_01:257550005</oboInOwl:hasDbXref>
        <oboInOwl:hasDbXref rdf:datatype="http://www.w3.org/2001/XMLSchema#string">UMLS_CUI:C0020517</oboInOwl:hasDbXref>
        <oboInOwl:hasExactSynonym xml:lang="en">allergic hypersensitivity disease</oboInOwl:hasExactSynonym>
        <oboInOwl:hasExactSynonym xml:lang="en">hypersensitivity</oboInOwl:hasExactSynonym>
        <oboInOwl:hasExactSynonym xml:lang="en">hypersensitivity reaction type I disease</oboInOwl:hasExactSynonym>
        <oboInOwl:hasOBONamespace rdf:datatype="http://www.w3.org/2001/XMLSchema#string">disease_ontology</oboInOwl:hasOBONamespace>
        <oboInOwl:id rdf:datatype="http://www.w3.org/2001/XMLSchema#string">DOID:1205</oboInOwl:id>
        <oboInOwl:inSubset rdf:resource="http://purl.obolibrary.org/obo/doid#NCIthesaurus"/>
        <rdfs:label rdf:datatype="http://www.w3.org/2001/XMLSchema#string">allergic disease</rdfs:label>
    </owl:Class>
    <owl:Axiom>
        <owl:annotatedSource rdf:resource="http://purl.obolibrary.org/obo/DOID_1205"/>
        <owl:annotatedProperty rdf:resource="http://purl.obolibrary.org/obo/IAO_0000115"/>
        <owl:annotatedTarget rdf:datatype="http://www.w3.org/2001/XMLSchema#string">An immune system disease that is an exaggerated immune response to allergens, such as insect venom, dust mites, pollen, pet dander, drugs or some foods.</owl:annotatedTarget>
        <dc:type rdf:resource="http://purl.obolibrary.org/obo/ECO_0007638"/>
        <oboInOwl:hasDbXref rdf:datatype="http://www.w3.org/2001/XMLSchema#string">url:http://en.wikipedia.org/wiki/Allergy</oboInOwl:hasDbXref>
        <rdfs:comment rdf:datatype="http://www.w3.org/2001/XMLSchema#string">ls:IEDB</rdfs:comment>
    </owl:Axiom>

    <!-- http://purl.obolibrary.org/obo/DOID_0080089 -->

    <owl:Class rdf:about="http://purl.obolibrary.org/obo/DOID_0080089">
        <rdfs:subClassOf rdf:resource="http://purl.obolibrary.org/obo/DOID_423"/>
        <obo:IAO_0000115 rdf:datatype="http://www.w3.org/2001/XMLSchema#string">A myopathy that is characterized by the presence of tubular aggregates in myofibrils and has_material_basis_in heterozygous mutation in the STIM1 gene on chromosome 11p15.</obo:IAO_0000115>
        <oboInOwl:created_by rdf:datatype="http://www.w3.org/2001/XMLSchema#string">lschriml</oboInOwl:created_by>
        <oboInOwl:creation_date rdf:datatype="http://www.w3.org/2001/XMLSchema#string">2015-11-10T16:53:39Z</oboInOwl:creation_date>
        <oboInOwl:hasDbXref rdf:datatype="http://www.w3.org/2001/XMLSchema#string">GARD:3884</oboInOwl:hasDbXref>
        <oboInOwl:hasDbXref rdf:datatype="http://www.w3.org/2001/XMLSchema#string">OMIM:160565</oboInOwl:hasDbXref>
        <oboInOwl:hasOBONamespace rdf:datatype="http://www.w3.org/2001/XMLSchema#string">disease_ontology</oboInOwl:hasOBONamespace>
        <oboInOwl:id rdf:datatype="http://www.w3.org/2001/XMLSchema#string">DOID:0080089</oboInOwl:id>
        <rdfs:label rdf:datatype="http://www.w3.org/2001/XMLSchema#string">tubular aggregate myopathy 1</rdfs:label>
        <skos:narrowMatch rdf:datatype="http://www.w3.org/2001/XMLSchema#string">ORDO:2593</skos:narrowMatch>
    </owl:Class>
    <owl:Axiom>
        <owl:annotatedSource rdf:resource="http://purl.obolibrary.org/obo/DOID_0080089"/>
        <owl:annotatedProperty rdf:resource="http://purl.obolibrary.org/obo/IAO_0000115"/>
        <owl:annotatedTarget rdf:datatype="http://www.w3.org/2001/XMLSchema#string">A myopathy that is characterized by the presence of tubular aggregates in myofibrils and has_material_basis_in heterozygous mutation in the STIM1 gene on chromosome 11p15.</owl:annotatedTarget>
        <oboInOwl:hasDbXref rdf:datatype="http://www.w3.org/2001/XMLSchema#string">url:https://www.ncbi.nlm.nih.gov/pmc/articles/PMC5133946/</oboInOwl:hasDbXref>
    </owl:Axiom>

    <!-- http://purl.obolibrary.org/obo/DOID_0050144 -->

    <owl:Class rdf:about="http://purl.obolibrary.org/obo/DOID_0050144">
        <rdfs:subClassOf rdf:resource="http://purl.obolibrary.org/obo/DOID_9562"/>
        <obo:IAO_0000115 rdf:datatype="http://www.w3.org/2001/XMLSchema#string">A primary ciliary dyskinesia that is characterized by sinusitis, bronchiectasis and situs inversus with dextrocardia resulting from dysfunction of the cilia during embryologic development.</obo:IAO_0000115>
        <oboInOwl:hasDbXref rdf:datatype="http://www.w3.org/2001/XMLSchema#string">GARD:6815</oboInOwl:hasDbXref>
        <oboInOwl:hasDbXref rdf:datatype="http://www.w3.org/2001/XMLSchema#string">MESH:D007619</oboInOwl:hasDbXref>
        <oboInOwl:hasDbXref rdf:datatype="http://www.w3.org/2001/XMLSchema#string">NCI:C84797</oboInOwl:hasDbXref>
        <oboInOwl:hasDbXref rdf:datatype="http://www.w3.org/2001/XMLSchema#string">ORDO:98861</oboInOwl:hasDbXref>
        <oboInOwl:hasDbXref rdf:datatype="http://www.w3.org/2001/XMLSchema#string">SNOMEDCT_US_2020_03_01:42402006</oboInOwl:hasDbXref>
        <oboInOwl:hasExactSynonym xml:lang="en">Kartagener&apos;s syndrome</oboInOwl:hasExactSynonym>
        <oboInOwl:hasOBONamespace rdf:datatype="http://www.w3.org/2001/XMLSchema#string">disease_ontology</oboInOwl:hasOBONamespace>
        <oboInOwl:id rdf:datatype="http://www.w3.org/2001/XMLSchema#string">DOID:0050144</oboInOwl:id>
        <oboInOwl:inSubset rdf:resource="http://purl.obolibrary.org/obo/doid#DO_rare_slim"/>
        <oboInOwl:inSubset rdf:resource="http://purl.obolibrary.org/obo/doid#NCIthesaurus"/>
        <rdfs:label rdf:datatype="http://www.w3.org/2001/XMLSchema#string">Kartagener syndrome</rdfs:label>
    </owl:Class>
    <owl:Axiom>
        <owl:annotatedSource rdf:resource="http://purl.obolibrary.org/obo/DOID_0050144"/>
        <owl:annotatedProperty rdf:resource="http://purl.obolibrary.org/obo/IAO_0000115"/>
        <owl:annotatedTarget rdf:datatype="http://www.w3.org/2001/XMLSchema#string">A primary ciliary dyskinesia that is characterized by sinusitis, bronchiectasis and situs inversus with dextrocardia resulting from dysfunction of the cilia during embryologic development.</owl:annotatedTarget>
        <dc:type rdf:resource="http://purl.obolibrary.org/obo/ECO_0007636"/>
        <dc:type rdf:resource="http://purl.obolibrary.org/obo/ECO_0007638"/>
        <dc:type rdf:resource="http://purl.obolibrary.org/obo/ECO_0007645"/>
        <oboInOwl:hasDbXref rdf:datatype="http://www.w3.org/2001/XMLSchema#string">url:http://en.wikipedia.org/wiki/Situs_inversus#Kartagener_syndrome</oboInOwl:hasDbXref>
        <oboInOwl:hasDbXref rdf:datatype="http://www.w3.org/2001/XMLSchema#string">url:http://ncit.nci.nih.gov/ncitbrowser/ConceptReport.jsp?dictionary=NCI_Thesaurus&amp;version=14.10d&amp;code=C84797</oboInOwl:hasDbXref>
        <oboInOwl:hasDbXref rdf:datatype="http://www.w3.org/2001/XMLSchema#string">url:http://rarediseases.info.nih.gov/gard/6815/kartagener-syndrome/resources/1</oboInOwl:hasDbXref>
        <oboInOwl:hasDbXref rdf:datatype="http://www.w3.org/2001/XMLSchema#string">url:https://www.ncbi.nlm.nih.gov/pubmed/19529061</oboInOwl:hasDbXref>
        <oboInOwl:hasDbXref rdf:datatype="http://www.w3.org/2001/XMLSchema#string">url:https://www.ncbi.nlm.nih.gov/pubmed/23243352</oboInOwl:hasDbXref>
        <oboInOwl:hasDbXref rdf:datatype="http://www.w3.org/2001/XMLSchema#string">url:https://www.ncbi.nlm.nih.gov/pubmed/24019633</oboInOwl:hasDbXref>
        <oboInOwl:hasDbXref rdf:datatype="http://www.w3.org/2001/XMLSchema#string">url:https://www.ncbi.nlm.nih.gov/pubmed/25633235</oboInOwl:hasDbXref>
    </owl:Axiom>

    <!-- http://purl.obolibrary.org/obo/DOID_0050925 -->

    <owl:Class rdf:about="http://purl.obolibrary.org/obo/DOID_0050925">
        <rdfs:subClassOf rdf:resource="http://purl.obolibrary.org/obo/DOID_10154"/>
        <obo:IAO_0000115 rdf:datatype="http://www.w3.org/2001/XMLSchema#string">A small intestine cancer that has_material_basis_in cells of the neuroendocrine system.</obo:IAO_0000115>
        <oboInOwl:created_by rdf:datatype="http://www.w3.org/2001/XMLSchema#string">lschriml</oboInOwl:created_by>
        <oboInOwl:creation_date rdf:datatype="http://www.w3.org/2001/XMLSchema#string">2014-10-21T12:58:08Z</oboInOwl:creation_date>
        <oboInOwl:hasBroadSynonym rdf:datatype="http://www.w3.org/2001/XMLSchema#string">&apos;intestinal carcinoid tumour&apos;</oboInOwl:hasBroadSynonym>
        <oboInOwl:hasDbXref rdf:datatype="http://www.w3.org/2001/XMLSchema#string">OMIM:114900</oboInOwl:hasDbXref>
        <oboInOwl:hasOBONamespace rdf:datatype="http://www.w3.org/2001/XMLSchema#string">disease_ontology</oboInOwl:hasOBONamespace>
        <oboInOwl:id rdf:datatype="http://www.w3.org/2001/XMLSchema#string">DOID:0050925</oboInOwl:id>
        <oboInOwl:inSubset rdf:resource="http://purl.obolibrary.org/obo/doid#DO_cancer_slim"/>
        <rdfs:label rdf:datatype="http://www.w3.org/2001/XMLSchema#string">small intestine carcinoid neuroendocrine tumor</rdfs:label>
    </owl:Class>
    <owl:Axiom>
        <owl:annotatedSource rdf:resource="http://purl.obolibrary.org/obo/DOID_0050925"/>
        <owl:annotatedProperty rdf:resource="http://purl.obolibrary.org/obo/IAO_0000115"/>
        <owl:annotatedTarget rdf:datatype="http://www.w3.org/2001/XMLSchema#string">A small intestine cancer that has_material_basis_in cells of the neuroendocrine system.</owl:annotatedTarget>
        <dc:type rdf:resource="http://purl.obolibrary.org/obo/ECO_0007638"/>
        <oboInOwl:hasDbXref rdf:datatype="http://www.w3.org/2001/XMLSchema#string">url:http://en.wikipedia.org/wiki/Carcinoid</oboInOwl:hasDbXref>
    </owl:Axiom>

    <!-- http://purl.obolibrary.org/obo/DOID_0050156 -->

    <owl:Class rdf:about="http://purl.obolibrary.org/obo/DOID_0050156">
        <rdfs:subClassOf rdf:resource="http://purl.obolibrary.org/obo/DOID_3770"/>
        <obo:IAO_0000115 rdf:datatype="http://www.w3.org/2001/XMLSchema#string">A pulmonary fibrosis that is characterized by scarring of the lung.</obo:IAO_0000115>
        <oboInOwl:hasDbXref rdf:datatype="http://www.w3.org/2001/XMLSchema#string">EFO:0000768</oboInOwl:hasDbXref>
        <oboInOwl:hasDbXref rdf:datatype="http://www.w3.org/2001/XMLSchema#string">GARD:8609</oboInOwl:hasDbXref>
        <oboInOwl:hasDbXref rdf:datatype="http://www.w3.org/2001/XMLSchema#string">ICD10CM:J84.112</oboInOwl:hasDbXref>
        <oboInOwl:hasDbXref rdf:datatype="http://www.w3.org/2001/XMLSchema#string">ICD9CM:516.31</oboInOwl:hasDbXref>
        <oboInOwl:hasDbXref rdf:datatype="http://www.w3.org/2001/XMLSchema#string">MESH:D054990</oboInOwl:hasDbXref>
        <oboInOwl:hasDbXref rdf:datatype="http://www.w3.org/2001/XMLSchema#string">NCI:C35716</oboInOwl:hasDbXref>
        <oboInOwl:hasDbXref rdf:datatype="http://www.w3.org/2001/XMLSchema#string">OMIM:178500</oboInOwl:hasDbXref>
        <oboInOwl:hasDbXref rdf:datatype="http://www.w3.org/2001/XMLSchema#string">SNOMEDCT_US_2020_09_01:28168000</oboInOwl:hasDbXref>
        <oboInOwl:hasDbXref rdf:datatype="http://www.w3.org/2001/XMLSchema#string">UMLS_CUI:C1800706</oboInOwl:hasDbXref>
        <oboInOwl:hasExactSynonym xml:lang="en">FIBROCYSTIC PULMONARY DYSPLASIA</oboInOwl:hasExactSynonym>
        <oboInOwl:hasExactSynonym xml:lang="en">IDIOPATHIC PULMONARY FIBROSIS, FAMILIAL</oboInOwl:hasExactSynonym>
        <oboInOwl:hasExactSynonym xml:lang="en">cryptogenic fibrosing alveolitis</oboInOwl:hasExactSynonym>
        <oboInOwl:hasOBONamespace rdf:datatype="http://www.w3.org/2001/XMLSchema#string">disease_ontology</oboInOwl:hasOBONamespace>
        <oboInOwl:id rdf:datatype="http://www.w3.org/2001/XMLSchema#string">DOID:0050156</oboInOwl:id>
        <oboInOwl:inSubset rdf:resource="http://purl.obolibrary.org/obo/doid#NCIthesaurus"/>
        <rdfs:comment rdf:datatype="http://www.w3.org/2001/XMLSchema#string">OMIM mapping confirmed by DO. [SN].</rdfs:comment>
        <rdfs:label rdf:datatype="http://www.w3.org/2001/XMLSchema#string">idiopathic pulmonary fibrosis</rdfs:label>
    </owl:Class>
    <owl:Axiom>
        <owl:annotatedSource rdf:resource="http://purl.obolibrary.org/obo/DOID_0050156"/>
        <owl:annotatedProperty rdf:resource="http://purl.obolibrary.org/obo/IAO_0000115"/>
        <owl:annotatedTarget rdf:datatype="http://www.w3.org/2001/XMLSchema#string">A pulmonary fibrosis that is characterized by scarring of the lung.</owl:annotatedTarget>
        <oboInOwl:hasDbXref rdf:datatype="http://www.w3.org/2001/XMLSchema#string">url:https://www.pulmonaryfibrosis.org/life-with-pf/about-ipf</oboInOwl:hasDbXref>
    </owl:Axiom>

    <!-- http://purl.obolibrary.org/obo/DOID_0050524 -->

    <owl:Class rdf:about="http://purl.obolibrary.org/obo/DOID_0050524">
        <rdfs:subClassOf rdf:resource="http://purl.obolibrary.org/obo/DOID_9351"/>
        <obo:IAO_0000115 rdf:datatype="http://www.w3.org/2001/XMLSchema#string">A diabetes mellitus that has_material_basis_in autosomal dominant inheritance of mutations in the MODY genes impacting beta-cell function, typically occurring before 25 years of age and caused by primary insulin secretion defects.</obo:IAO_0000115>
        <oboInOwl:hasDbXref rdf:datatype="http://www.w3.org/2001/XMLSchema#string">GARD:3697</oboInOwl:hasDbXref>
        <oboInOwl:hasDbXref rdf:datatype="http://www.w3.org/2001/XMLSchema#string">ICD10CM:E11.8</oboInOwl:hasDbXref>
        <oboInOwl:hasDbXref rdf:datatype="http://www.w3.org/2001/XMLSchema#string">KEGG:04950</oboInOwl:hasDbXref>
        <oboInOwl:hasDbXref rdf:datatype="http://www.w3.org/2001/XMLSchema#string">OMIM:606391</oboInOwl:hasDbXref>
        <oboInOwl:hasDbXref rdf:datatype="http://www.w3.org/2001/XMLSchema#string">ORDO:552</oboInOwl:hasDbXref>
        <oboInOwl:hasExactSynonym xml:lang="en">MODY</oboInOwl:hasExactSynonym>
        <oboInOwl:hasExactSynonym xml:lang="en">Mason-type diabetes</oboInOwl:hasExactSynonym>
        <oboInOwl:hasOBONamespace rdf:datatype="http://www.w3.org/2001/XMLSchema#string">disease_ontology</oboInOwl:hasOBONamespace>
        <oboInOwl:id rdf:datatype="http://www.w3.org/2001/XMLSchema#string">DOID:0050524</oboInOwl:id>
        <rdfs:comment rdf:datatype="http://www.w3.org/2001/XMLSchema#string">Xref MGI.
OMIM mapping confirmed by DO. [SN].</rdfs:comment>
        <rdfs:label rdf:datatype="http://www.w3.org/2001/XMLSchema#string">maturity-onset diabetes of the young</rdfs:label>
    </owl:Class>
    <owl:Axiom>
        <owl:annotatedSource rdf:resource="http://purl.obolibrary.org/obo/DOID_0050524"/>
        <owl:annotatedProperty rdf:resource="http://purl.obolibrary.org/obo/IAO_0000115"/>
        <owl:annotatedTarget rdf:datatype="http://www.w3.org/2001/XMLSchema#string">A diabetes mellitus that has_material_basis_in autosomal dominant inheritance of mutations in the MODY genes impacting beta-cell function, typically occurring before 25 years of age and caused by primary insulin secretion defects.</owl:annotatedTarget>
        <dc:type rdf:resource="http://purl.obolibrary.org/obo/ECO_0007638"/>
        <oboInOwl:hasDbXref rdf:datatype="http://www.w3.org/2001/XMLSchema#string">url:http://en.wikipedia.org/wiki/Maturity_onset_diabetes_of_the_young</oboInOwl:hasDbXref>
    </owl:Axiom>

    <!-- http://purl.obolibrary.org/obo/DOID_0060189 -->

    <owl:Class rdf:about="http://purl.obolibrary.org/obo/DOID_0060189">
        <rdfs:subClassOf rdf:resource="http://purl.obolibrary.org/obo/DOID_8778"/>
        <obo:IAO_0000115 rdf:datatype="http://www.w3.org/2001/XMLSchema#string">An inflammatory bowel disease characterized by inflammation located_in ileum, has_symptom diarrhea, has_symptom abdominal pain, often in the right lower quadrant, has_symptom weight loss.</obo:IAO_0000115>
        <oboInOwl:created_by rdf:datatype="http://www.w3.org/2001/XMLSchema#string">emitraka</oboInOwl:created_by>
        <oboInOwl:creation_date rdf:datatype="http://www.w3.org/2001/XMLSchema#string">2014-09-15T11:40:07Z</oboInOwl:creation_date>
        <oboInOwl:hasDbXref rdf:datatype="http://www.w3.org/2001/XMLSchema#string">ICD10CM:K52.9</oboInOwl:hasDbXref>
        <oboInOwl:hasDbXref rdf:datatype="http://www.w3.org/2001/XMLSchema#string">MEDDRA:10021312</oboInOwl:hasDbXref>
        <oboInOwl:hasDbXref rdf:datatype="http://www.w3.org/2001/XMLSchema#string">MESH:D007079</oboInOwl:hasDbXref>
        <oboInOwl:hasDbXref rdf:datatype="http://www.w3.org/2001/XMLSchema#string">NCI:C84782</oboInOwl:hasDbXref>
        <oboInOwl:hasDbXref rdf:datatype="http://www.w3.org/2001/XMLSchema#string">SNOMEDCT_US_2020_09_01:52457000</oboInOwl:hasDbXref>
        <oboInOwl:hasDbXref rdf:datatype="http://www.w3.org/2001/XMLSchema#string">UMLS_CUI:C0020877</oboInOwl:hasDbXref>
        <oboInOwl:hasExactSynonym xml:lang="en">Crohn&apos;s ileitis</oboInOwl:hasExactSynonym>
        <oboInOwl:hasOBONamespace rdf:datatype="http://www.w3.org/2001/XMLSchema#string">disease_ontology</oboInOwl:hasOBONamespace>
        <oboInOwl:id rdf:datatype="http://www.w3.org/2001/XMLSchema#string">DOID:0060189</oboInOwl:id>
        <oboInOwl:inSubset rdf:resource="http://purl.obolibrary.org/obo/doid#NCIthesaurus"/>
        <rdfs:label rdf:datatype="http://www.w3.org/2001/XMLSchema#string">ileitis</rdfs:label>
    </owl:Class>
    <owl:Axiom>
        <owl:annotatedSource rdf:resource="http://purl.obolibrary.org/obo/DOID_0060189"/>
        <owl:annotatedProperty rdf:resource="http://purl.obolibrary.org/obo/IAO_0000115"/>
        <owl:annotatedTarget rdf:datatype="http://www.w3.org/2001/XMLSchema#string">An inflammatory bowel disease characterized by inflammation located_in ileum, has_symptom diarrhea, has_symptom abdominal pain, often in the right lower quadrant, has_symptom weight loss.</owl:annotatedTarget>
        <dc:type rdf:resource="http://purl.obolibrary.org/obo/ECO_0007638"/>
        <oboInOwl:hasDbXref rdf:datatype="http://www.w3.org/2001/XMLSchema#string">url:http://en.wikipedia.org/wiki/Ileitis</oboInOwl:hasDbXref>
        <oboInOwl:hasDbXref rdf:datatype="http://www.w3.org/2001/XMLSchema#string">url:http://www.ccfa.org/what-are-crohns-and-colitis/what-is-crohns-disease/types-of-crohns-disease.html</oboInOwl:hasDbXref>
    </owl:Axiom>

    <!-- http://purl.obolibrary.org/obo/DOID_0060135 -->

    <owl:Class rdf:about="http://purl.obolibrary.org/obo/DOID_0060135">
        <rdfs:subClassOf rdf:resource="http://purl.obolibrary.org/obo/DOID_4090"/>
        <obo:IAO_0000115 rdf:datatype="http://www.w3.org/2001/XMLSchema#string">An agnosia that is a loss of the ability to map out physical actions in order to repeat them in functional activities.</obo:IAO_0000115>
        <oboInOwl:created_by rdf:datatype="http://www.w3.org/2001/XMLSchema#string">lschriml</oboInOwl:created_by>
        <oboInOwl:creation_date rdf:datatype="http://www.w3.org/2001/XMLSchema#string">2011-08-22T12:04:56Z</oboInOwl:creation_date>
        <oboInOwl:hasDbXref rdf:datatype="http://www.w3.org/2001/XMLSchema#string">GARD:5838</oboInOwl:hasDbXref>
        <oboInOwl:hasDbXref rdf:datatype="http://www.w3.org/2001/XMLSchema#string">ICD10CM:R48.2</oboInOwl:hasDbXref>
        <oboInOwl:hasDbXref rdf:datatype="http://www.w3.org/2001/XMLSchema#string">SNOMEDCT_US_2019_09_01:68345001</oboInOwl:hasDbXref>
        <oboInOwl:hasOBONamespace rdf:datatype="http://www.w3.org/2001/XMLSchema#string">disease_ontology</oboInOwl:hasOBONamespace>
        <oboInOwl:id rdf:datatype="http://www.w3.org/2001/XMLSchema#string">DOID:0060135</oboInOwl:id>
        <rdfs:label rdf:datatype="http://www.w3.org/2001/XMLSchema#string">apraxia</rdfs:label>
        <skos:exactMatch rdf:datatype="http://www.w3.org/2001/XMLSchema#string">MESH:D001072</skos:exactMatch>
    </owl:Class>
    <owl:Axiom>
        <owl:annotatedSource rdf:resource="http://purl.obolibrary.org/obo/DOID_0060135"/>
        <owl:annotatedProperty rdf:resource="http://purl.obolibrary.org/obo/IAO_0000115"/>
        <owl:annotatedTarget rdf:datatype="http://www.w3.org/2001/XMLSchema#string">An agnosia that is a loss of the ability to map out physical actions in order to repeat them in functional activities.</owl:annotatedTarget>
        <dc:type rdf:resource="http://purl.obolibrary.org/obo/ECO_0007638"/>
        <oboInOwl:hasDbXref rdf:datatype="http://www.w3.org/2001/XMLSchema#string">url:http://en.wikipedia.org/wiki/Agnosia</oboInOwl:hasDbXref>
    </owl:Axiom>
    
    <!-- http://purl.obolibrary.org/obo/DOID_0060576 -->

    <owl:Class rdf:about="http://purl.obolibrary.org/obo/DOID_0060576">
        <rdfs:subClassOf rdf:resource="http://purl.obolibrary.org/obo/DOID_0060225"/>
        <owl:disjointWith rdf:resource="http://purl.obolibrary.org/obo/DOID_0060577"/>
        <obo:IAO_0000115 rdf:datatype="http://www.w3.org/2001/XMLSchema#string">A 3MC syndrome that has_material_basis_in autosomal recessive inheritance of homozygous mutation in the collectin subfamily member 11 gene (COLEC11) on chromosome 2p25.</obo:IAO_0000115>
        <oboInOwl:hasDbXref rdf:datatype="http://www.w3.org/2001/XMLSchema#string">OMIM:265050</oboInOwl:hasDbXref>
        <oboInOwl:hasOBONamespace rdf:datatype="http://www.w3.org/2001/XMLSchema#string">disease_ontology</oboInOwl:hasOBONamespace>
        <oboInOwl:id rdf:datatype="http://www.w3.org/2001/XMLSchema#string">DOID:0060576</oboInOwl:id>
        <rdfs:label rdf:datatype="http://www.w3.org/2001/XMLSchema#string">3MC syndrome 2</rdfs:label>
    </owl:Class>
    <owl:Axiom>
        <owl:annotatedSource rdf:resource="http://purl.obolibrary.org/obo/DOID_0060576"/>
        <owl:annotatedProperty rdf:resource="http://purl.obolibrary.org/obo/IAO_0000115"/>
        <owl:annotatedTarget rdf:datatype="http://www.w3.org/2001/XMLSchema#string">A 3MC syndrome that has_material_basis_in autosomal recessive inheritance of homozygous mutation in the collectin subfamily member 11 gene (COLEC11) on chromosome 2p25.</owl:annotatedTarget>
        <dc:type rdf:resource="http://purl.obolibrary.org/obo/ECO_0007636"/>
        <dc:type rdf:resource="http://purl.obolibrary.org/obo/ECO_0007637"/>
        <oboInOwl:hasDbXref rdf:datatype="http://www.w3.org/2001/XMLSchema#string">url:https://ghr.nlm.nih.gov/condition/3mc-syndrome</oboInOwl:hasDbXref>
        <oboInOwl:hasDbXref rdf:datatype="http://www.w3.org/2001/XMLSchema#string">url:https://www.omim.org/entry/265050</oboInOwl:hasDbXref>
    </owl:Axiom>

    <!-- http://purl.obolibrary.org/obo/DOID_0060570 -->

    <owl:Class rdf:about="http://purl.obolibrary.org/obo/DOID_0060570">
        <rdfs:subClassOf rdf:resource="http://purl.obolibrary.org/obo/DOID_399"/>
        <obo:IAO_0000115 rdf:datatype="http://www.w3.org/2001/XMLSchema#string">A tuberculosis located in the heart.</obo:IAO_0000115>
        <oboInOwl:hasDbXref rdf:datatype="http://www.w3.org/2001/XMLSchema#string">MESH:D014381</oboInOwl:hasDbXref>
        <oboInOwl:hasNarrowSynonym xml:lang="en">cardiovascular tuberculosis</oboInOwl:hasNarrowSynonym>
        <oboInOwl:hasOBONamespace rdf:datatype="http://www.w3.org/2001/XMLSchema#string">disease_ontology</oboInOwl:hasOBONamespace>
        <oboInOwl:id rdf:datatype="http://www.w3.org/2001/XMLSchema#string">DOID:0060570</oboInOwl:id>
        <rdfs:label xml:lang="en">cardiac tuberculosis</rdfs:label>
    </owl:Class>
    <owl:Axiom>
        <owl:annotatedSource rdf:resource="http://purl.obolibrary.org/obo/DOID_0060570"/>
        <owl:annotatedProperty rdf:resource="http://purl.obolibrary.org/obo/IAO_0000115"/>
        <owl:annotatedTarget rdf:datatype="http://www.w3.org/2001/XMLSchema#string">A tuberculosis located in the heart.</owl:annotatedTarget>
        <oboInOwl:hasDbXref rdf:datatype="http://www.w3.org/2001/XMLSchema#string">url:https://pubmed.ncbi.nlm.nih.gov/28814447/</oboInOwl:hasDbXref>
    </owl:Axiom>

    <!-- http://purl.obolibrary.org/obo/DOID_0080909 -->

    <owl:Class rdf:about="http://purl.obolibrary.org/obo/DOID_0080909">
        <rdfs:subClassOf rdf:resource="http://purl.obolibrary.org/obo/DOID_10286"/>
        <obo:IAO_0000115>A prostate carcinoma that is characterized by continued growth and spread despite the surgical removal of the testes or medical intervention to block androgen production.</obo:IAO_0000115>
        <oboInOwl:hasDbXref>MESH:D064129</oboInOwl:hasDbXref>
        <oboInOwl:hasDbXref>NCI:C130234</oboInOwl:hasDbXref>
        <oboInOwl:hasOBONamespace>disease_ontology</oboInOwl:hasOBONamespace>
        <oboInOwl:id>DOID:0080909</oboInOwl:id>
        <rdfs:label xml:lang="en">castration-resistant prostate carcinoma</rdfs:label>
        <skos:broadMatch>MESH:D064129</skos:broadMatch>
    </owl:Class>
    <owl:Axiom>
        <owl:annotatedSource rdf:resource="http://purl.obolibrary.org/obo/DOID_0080909"/>
        <owl:annotatedProperty rdf:resource="http://purl.obolibrary.org/obo/IAO_0000115"/>
        <owl:annotatedTarget>A prostate carcinoma that is characterized by continued growth and spread despite the surgical removal of the testes or medical intervention to block androgen production.</owl:annotatedTarget>
        <oboInOwl:hasDbXref>url:https://www.auanet.org/guidelines/prostate-cancer-castration-resistant-guideline</oboInOwl:hasDbXref>
    </owl:Axiom>

    <!-- http://purl.obolibrary.org/obo/DOID_0002116 -->

    <owl:Class rdf:about="http://purl.obolibrary.org/obo/DOID_0002116">
        <rdfs:subClassOf rdf:resource="http://purl.obolibrary.org/obo/DOID_10124"/>
        <obo:IAO_0000115 rdf:datatype="http://www.w3.org/2001/XMLSchema#string">A corneal disease that is characterized by a triangular tissue growth located_in cornea of the eye that is the result of collagen degeneration and fibrovascular proliferation.</obo:IAO_0000115>
        <oboInOwl:created_by rdf:datatype="http://www.w3.org/2001/XMLSchema#string">laronhughes</oboInOwl:created_by>
        <oboInOwl:creation_date rdf:datatype="http://www.w3.org/2001/XMLSchema#string">2010-06-30T02:44:30Z</oboInOwl:creation_date>
        <oboInOwl:hasDbXref rdf:datatype="http://www.w3.org/2001/XMLSchema#string">UMLS_CUI:C0033999</oboInOwl:hasDbXref>
        <oboInOwl:hasExactSynonym xml:lang="en">surfer&apos;s eye</oboInOwl:hasExactSynonym>
        <oboInOwl:hasOBONamespace rdf:datatype="http://www.w3.org/2001/XMLSchema#string">disease_ontology</oboInOwl:hasOBONamespace>
        <oboInOwl:id rdf:datatype="http://www.w3.org/2001/XMLSchema#string">DOID:0002116</oboInOwl:id>
        <rdfs:label rdf:datatype="http://www.w3.org/2001/XMLSchema#string">pterygium</rdfs:label>
    </owl:Class>
    <owl:Axiom>
        <owl:annotatedSource rdf:resource="http://purl.obolibrary.org/obo/DOID_0002116"/>
        <owl:annotatedProperty rdf:resource="http://purl.obolibrary.org/obo/IAO_0000115"/>
        <owl:annotatedTarget rdf:datatype="http://www.w3.org/2001/XMLSchema#string">A corneal disease that is characterized by a triangular tissue growth located_in cornea of the eye that is the result of collagen degeneration and fibrovascular proliferation.</owl:annotatedTarget>
        <dc:type rdf:resource="http://purl.obolibrary.org/obo/ECO_0007638"/>
        <oboInOwl:hasDbXref rdf:datatype="http://www.w3.org/2001/XMLSchema#string">url:https://en.wikipedia.org/wiki/Pterygium_(conjunctiva)</oboInOwl:hasDbXref>
    </owl:Axiom>

    <!-- http://purl.obolibrary.org/obo/DOID_0014667 -->

    <owl:Class rdf:about="http://purl.obolibrary.org/obo/DOID_0014667">
        <rdfs:subClassOf rdf:resource="http://purl.obolibrary.org/obo/DOID_4"/>
        <obo:IAO_0000115 rdf:datatype="http://www.w3.org/2001/XMLSchema#string">A disease that involving errors in metabolic processes of building or degradation of molecules.</obo:IAO_0000115>
        <oboInOwl:hasDbXref rdf:datatype="http://www.w3.org/2001/XMLSchema#string">ICD10CM:E88.9</oboInOwl:hasDbXref>
        <oboInOwl:hasDbXref rdf:datatype="http://www.w3.org/2001/XMLSchema#string">ICD9CM:277.9</oboInOwl:hasDbXref>
        <oboInOwl:hasDbXref rdf:datatype="http://www.w3.org/2001/XMLSchema#string">MESH:D008659</oboInOwl:hasDbXref>
        <oboInOwl:hasDbXref rdf:datatype="http://www.w3.org/2001/XMLSchema#string">NCI:C3235</oboInOwl:hasDbXref>
        <oboInOwl:hasDbXref rdf:datatype="http://www.w3.org/2001/XMLSchema#string">SNOMEDCT_US_2020_09_01:75934005</oboInOwl:hasDbXref>
        <oboInOwl:hasDbXref rdf:datatype="http://www.w3.org/2001/XMLSchema#string">UMLS_CUI:C0025517</oboInOwl:hasDbXref>
        <oboInOwl:hasExactSynonym xml:lang="en">metabolic disease</oboInOwl:hasExactSynonym>
        <oboInOwl:hasOBONamespace rdf:datatype="http://www.w3.org/2001/XMLSchema#string">disease_ontology</oboInOwl:hasOBONamespace>
        <oboInOwl:id rdf:datatype="http://www.w3.org/2001/XMLSchema#string">DOID:0014667</oboInOwl:id>
        <oboInOwl:inSubset rdf:resource="http://purl.obolibrary.org/obo/doid#DO_AGR_slim"/>
        <oboInOwl:inSubset rdf:resource="http://purl.obolibrary.org/obo/doid#DO_GXD_slim"/>
        <oboInOwl:inSubset rdf:resource="http://purl.obolibrary.org/obo/doid#NCIthesaurus"/>
        <rdfs:label rdf:datatype="http://www.w3.org/2001/XMLSchema#string">disease of metabolism</rdfs:label>
    </owl:Class>
    <owl:Axiom>
        <owl:annotatedSource rdf:resource="http://purl.obolibrary.org/obo/DOID_0014667"/>
        <owl:annotatedProperty rdf:resource="http://purl.obolibrary.org/obo/IAO_0000115"/>
        <owl:annotatedTarget rdf:datatype="http://www.w3.org/2001/XMLSchema#string">A disease that involving errors in metabolic processes of building or degradation of molecules.</owl:annotatedTarget>
        <dc:type rdf:resource="http://purl.obolibrary.org/obo/ECO_0007646"/>
        <oboInOwl:hasDbXref rdf:datatype="http://www.w3.org/2001/XMLSchema#string">url:http://www.ncbi.nlm.nih.gov/books/NBK22259/</oboInOwl:hasDbXref>
    </owl:Axiom>
    
    <!-- http://purl.obolibrary.org/obo/DOID_4467 -->

    <owl:Class rdf:about="http://purl.obolibrary.org/obo/DOID_4467">
        <rdfs:subClassOf rdf:resource="http://purl.obolibrary.org/obo/DOID_4450"/>
        <obo:IAO_0000115 rdf:datatype="http://www.w3.org/2001/XMLSchema#string">A renal cell carcinoma that has_material_basis_in cells that appear very pale or clear when examined under microscope.</obo:IAO_0000115>
        <oboInOwl:hasDbXref rdf:datatype="http://www.w3.org/2001/XMLSchema#string">GARD:9574</oboInOwl:hasDbXref>
        <oboInOwl:hasDbXref rdf:datatype="http://www.w3.org/2001/XMLSchema#string">MESH:D002292</oboInOwl:hasDbXref>
        <oboInOwl:hasDbXref rdf:datatype="http://www.w3.org/2001/XMLSchema#string">NCI:C4033</oboInOwl:hasDbXref>
        <oboInOwl:hasDbXref rdf:datatype="http://www.w3.org/2001/XMLSchema#string">SNOMEDCT_US_2020_09_01:254915003</oboInOwl:hasDbXref>
        <oboInOwl:hasDbXref rdf:datatype="http://www.w3.org/2001/XMLSchema#string">UMLS_CUI:C0279702</oboInOwl:hasDbXref>
        <oboInOwl:hasExactSynonym xml:lang="en">Clear cell carcinoma of kidney</oboInOwl:hasExactSynonym>
        <oboInOwl:hasExactSynonym xml:lang="en">clear cell kidney carcinoma</oboInOwl:hasExactSynonym>
        <oboInOwl:hasExactSynonym xml:lang="en">conventional (Clear cell) renal cell carcinoma</oboInOwl:hasExactSynonym>
        <oboInOwl:hasExactSynonym xml:lang="en">conventional renal cell carcinoma</oboInOwl:hasExactSynonym>
        <oboInOwl:hasExactSynonym xml:lang="en">renal clear cell carcinoma</oboInOwl:hasExactSynonym>
        <oboInOwl:hasOBONamespace rdf:datatype="http://www.w3.org/2001/XMLSchema#string">disease_ontology</oboInOwl:hasOBONamespace>
        <oboInOwl:hasRelatedSynonym xml:lang="en">Clear-cell metastatic renal cell carcinoma</oboInOwl:hasRelatedSynonym>
        <oboInOwl:hasRelatedSynonym rdf:datatype="http://www.w3.org/2001/XMLSchema#string">Clear-cell metastatic renal cell carcinoma</oboInOwl:hasRelatedSynonym>
        <oboInOwl:id rdf:datatype="http://www.w3.org/2001/XMLSchema#string">DOID:4467</oboInOwl:id>
        <oboInOwl:inSubset rdf:resource="http://purl.obolibrary.org/obo/doid#DO_cancer_slim"/>
        <oboInOwl:inSubset rdf:resource="http://purl.obolibrary.org/obo/doid#NCIthesaurus"/>
        <rdfs:comment rdf:datatype="http://www.w3.org/2001/XMLSchema#string">MESH:C538445 added from NeuroDevNet [WAK].</rdfs:comment>
        <rdfs:label rdf:datatype="http://www.w3.org/2001/XMLSchema#string">clear cell renal cell carcinoma</rdfs:label>
    </owl:Class>
    <owl:Axiom>
        <owl:annotatedSource rdf:resource="http://purl.obolibrary.org/obo/DOID_4467"/>
        <owl:annotatedProperty rdf:resource="http://purl.obolibrary.org/obo/IAO_0000115"/>
        <owl:annotatedTarget rdf:datatype="http://www.w3.org/2001/XMLSchema#string">A renal cell carcinoma that has_material_basis_in cells that appear very pale or clear when examined under microscope.</owl:annotatedTarget>
        <dc:type rdf:resource="http://purl.obolibrary.org/obo/ECO_0007637"/>
        <dc:type rdf:resource="http://purl.obolibrary.org/obo/ECO_0007641"/>
        <oboInOwl:hasDbXref rdf:datatype="http://www.w3.org/2001/XMLSchema#string">url:http://www.cancer.gov/dictionary?CdrID=45063</oboInOwl:hasDbXref>
        <oboInOwl:hasDbXref rdf:datatype="http://www.w3.org/2001/XMLSchema#string">url:https://cancergenome.nih.gov/cancersselected/kidneyclearcell</oboInOwl:hasDbXref>
    </owl:Axiom>
    <owl:Axiom>
        <owl:annotatedSource rdf:resource="http://purl.obolibrary.org/obo/DOID_4467"/>
        <owl:annotatedProperty rdf:resource="http://www.geneontology.org/formats/oboInOwl#hasRelatedSynonym"/>
        <owl:annotatedTarget rdf:datatype="http://www.w3.org/2001/XMLSchema#string">Clear-cell metastatic renal cell carcinoma</owl:annotatedTarget>
        <oboInOwl:hasDbXref rdf:datatype="http://www.w3.org/2001/XMLSchema#string">MESH:C538445</oboInOwl:hasDbXref>
    </owl:Axiom>


    <!-- http://purl.obolibrary.org/obo/DOID_0040001 -->

    <owl:Class rdf:about="http://purl.obolibrary.org/obo/DOID_0040001">
        <rdfs:subClassOf rdf:resource="http://purl.obolibrary.org/obo/DOID_0060524"/>
        <obo:IAO_0000115 rdf:datatype="http://www.w3.org/2001/XMLSchema#string">A crustacean allergy that has_allergic_trigger shrimp.</obo:IAO_0000115>
        <oboInOwl:hasOBONamespace rdf:datatype="http://www.w3.org/2001/XMLSchema#string">disease_ontology</oboInOwl:hasOBONamespace>
        <oboInOwl:id rdf:datatype="http://www.w3.org/2001/XMLSchema#string">DOID:0040001</oboInOwl:id>
        <oboInOwl:inSubset rdf:resource="http://purl.obolibrary.org/obo/doid#DO_IEDB_slim"/>
        <rdfs:label rdf:datatype="http://www.w3.org/2001/XMLSchema#string">shrimp allergy</rdfs:label>
    </owl:Class>
    <owl:Axiom>
        <owl:annotatedSource rdf:resource="http://purl.obolibrary.org/obo/DOID_0040001"/>
        <owl:annotatedProperty rdf:resource="http://purl.obolibrary.org/obo/IAO_0000115"/>
        <owl:annotatedTarget rdf:datatype="http://www.w3.org/2001/XMLSchema#string">A crustacean allergy that has_allergic_trigger shrimp.</owl:annotatedTarget>
        <dc:type rdf:resource="http://purl.obolibrary.org/obo/ECO_0007645"/>
        <oboInOwl:hasDbXref rdf:datatype="http://www.w3.org/2001/XMLSchema#string">url:https://www.ncbi.nlm.nih.gov/pubmed/20471069</oboInOwl:hasDbXref>
        <rdfs:comment rdf:datatype="http://www.w3.org/2001/XMLSchema#string">IEDB:RV</rdfs:comment>
    </owl:Axiom>
    <!-- 
    ///////////////////////////////////////////////////////////////////////////////////////
    //
    // Annotations
    //
    ///////////////////////////////////////////////////////////////////////////////////////
     -->

    <rdf:Description rdf:about="http://purl.obolibrary.org/obo/IAO_0000231">
        <obo:IAO_0000115 rdf:datatype="http://www.w3.org/2001/XMLSchema#string">Has obsolescence reason.</obo:IAO_0000115>
        <rdfs:label rdf:datatype="http://www.w3.org/2001/XMLSchema#string">has_obsolescence_reason</rdfs:label>
    </rdf:Description>
    <owl:Axiom>
        <owl:annotatedSource rdf:resource="http://purl.obolibrary.org/obo/IAO_0000231"/>
        <owl:annotatedProperty rdf:resource="http://purl.obolibrary.org/obo/IAO_0000115"/>
        <owl:annotatedTarget rdf:datatype="http://www.w3.org/2001/XMLSchema#string">Has obsolescence reason.</owl:annotatedTarget>
        <oboInOwl:hasDbXref rdf:datatype="http://www.w3.org/2001/XMLSchema#string">url:http://purl.obolibrary.org/obo/IAO_0000231</oboInOwl:hasDbXref>
    </owl:Axiom>
    <rdf:Description rdf:about="http://www.w3.org/2000/01/rdf-schema#seeAlso">
        <rdfs:label rdf:datatype="http://www.w3.org/2001/XMLSchema#string">rdfs:seeAlso</rdfs:label>
        <obo:IAO_0000115 rdf:datatype="http://www.w3.org/2001/XMLSchema#string">See also.</obo:IAO_0000115>
    </rdf:Description>
    <owl:Axiom>
        <owl:annotatedSource rdf:resource="http://www.w3.org/2000/01/rdf-schema#seeAlso"/>
        <owl:annotatedProperty rdf:resource="http://purl.obolibrary.org/obo/IAO_0000115"/>
        <owl:annotatedTarget rdf:datatype="http://www.w3.org/2001/XMLSchema#string">See also.</owl:annotatedTarget>
        <oboInOwl:hasDbXref rdf:datatype="http://www.w3.org/2001/XMLSchema#string">url:http://www.w3.org/2000/01/rdf-schema#seeAlso</oboInOwl:hasDbXref>
    </owl:Axiom>
    <rdf:Description rdf:about="http://www.w3.org/2002/07/owl#backwardCompatibleWith">
        <rdfs:label rdf:datatype="http://www.w3.org/2001/XMLSchema#string">owl:backwardCompatibleWith</rdfs:label>
        <obo:IAO_0000115 rdf:datatype="http://www.w3.org/2001/XMLSchema#string">Backward compatible with.</obo:IAO_0000115>
    </rdf:Description>
    <owl:Axiom>
        <owl:annotatedSource rdf:resource="http://www.w3.org/2002/07/owl#backwardCompatibleWith"/>
        <owl:annotatedProperty rdf:resource="http://purl.obolibrary.org/obo/IAO_0000115"/>
        <owl:annotatedTarget rdf:datatype="http://www.w3.org/2001/XMLSchema#string">Backward compatible with.</owl:annotatedTarget>
        <oboInOwl:hasDbXref rdf:datatype="http://www.w3.org/2001/XMLSchema#string">url:http://www.w3.org/2002/07/owl#backwardCompatibleWith</oboInOwl:hasDbXref>
    </owl:Axiom>
    <rdf:Description rdf:about="http://www.w3.org/2002/07/owl#incompatibleWith">
        <rdfs:label rdf:datatype="http://www.w3.org/2001/XMLSchema#string">owl:incompatibleWith</rdfs:label>
        <obo:IAO_0000115 rdf:datatype="http://www.w3.org/2001/XMLSchema#string">Incompatible with.</obo:IAO_0000115>
    </rdf:Description>
    <owl:Axiom>
        <owl:annotatedSource rdf:resource="http://www.w3.org/2002/07/owl#incompatibleWith"/>
        <owl:annotatedProperty rdf:resource="http://purl.obolibrary.org/obo/IAO_0000115"/>
        <owl:annotatedTarget rdf:datatype="http://www.w3.org/2001/XMLSchema#string">Incompatible with.</owl:annotatedTarget>
        <oboInOwl:hasDbXref rdf:datatype="http://www.w3.org/2001/XMLSchema#string">url:http://www.w3.org/2002/07/owl#incompatibleWith</oboInOwl:hasDbXref>
    </owl:Axiom>
    <rdf:Description rdf:about="http://www.w3.org/2002/07/owl#priorVersion">
        <rdfs:label rdf:datatype="http://www.w3.org/2001/XMLSchema#string">owl:priorVersion</rdfs:label>
        <obo:IAO_0000115 rdf:datatype="http://www.w3.org/2001/XMLSchema#string">Prior version.</obo:IAO_0000115>
    </rdf:Description>
    <owl:Axiom>
        <owl:annotatedSource rdf:resource="http://www.w3.org/2002/07/owl#priorVersion"/>
        <owl:annotatedProperty rdf:resource="http://purl.obolibrary.org/obo/IAO_0000115"/>
        <owl:annotatedTarget rdf:datatype="http://www.w3.org/2001/XMLSchema#string">Prior version.</owl:annotatedTarget>
        <oboInOwl:hasDbXref rdf:datatype="http://www.w3.org/2001/XMLSchema#string">url:http://www.w3.org/2002/07/owl#priorVersion</oboInOwl:hasDbXref>
    </owl:Axiom>
    <rdf:Description rdf:about="http://www.w3.org/2002/07/owl#versionInfo">
        <obo:IAO_0000115 rdf:datatype="http://www.w3.org/2001/XMLSchema#string">Version info.</obo:IAO_0000115>
        <rdfs:label rdf:datatype="http://www.w3.org/2001/XMLSchema#string">owl:versionInfo</rdfs:label>
    </rdf:Description>
    <owl:Axiom>
        <owl:annotatedSource rdf:resource="http://www.w3.org/2002/07/owl#versionInfo"/>
        <owl:annotatedProperty rdf:resource="http://purl.obolibrary.org/obo/IAO_0000115"/>
        <owl:annotatedTarget rdf:datatype="http://www.w3.org/2001/XMLSchema#string">Version info.</owl:annotatedTarget>
        <oboInOwl:hasDbXref rdf:datatype="http://www.w3.org/2001/XMLSchema#string">url:http://www.w3.org/2002/07/owl#versionInfo</oboInOwl:hasDbXref>
    </owl:Axiom>
    


    <!-- 
    ///////////////////////////////////////////////////////////////////////////////////////
    //
    // General axioms
    //
    ///////////////////////////////////////////////////////////////////////////////////////
     -->

    <rdf:Description>
        <rdf:type rdf:resource="http://www.w3.org/2002/07/owl#AllDisjointClasses"/>
        <owl:members rdf:parseType="Collection">
            <rdf:Description rdf:about="http://purl.obolibrary.org/obo/DOID_0060160"/>
            <rdf:Description rdf:about="http://purl.obolibrary.org/obo/DOID_0060161"/>
            <rdf:Description rdf:about="http://purl.obolibrary.org/obo/DOID_0111064"/>
            <rdf:Description rdf:about="http://purl.obolibrary.org/obo/DOID_0111065"/>
            <rdf:Description rdf:about="http://purl.obolibrary.org/obo/DOID_4873"/>
        </owl:members>
    </rdf:Description>
    <rdf:Description>
        <rdf:type rdf:resource="http://www.w3.org/2002/07/owl#AllDisjointClasses"/>
        <owl:members rdf:parseType="Collection">
            <rdf:Description rdf:about="http://purl.obolibrary.org/obo/DOID_0060376"/>
            <rdf:Description rdf:about="http://purl.obolibrary.org/obo/DOID_0110980"/>
            <rdf:Description rdf:about="http://purl.obolibrary.org/obo/DOID_0110981"/>
            <rdf:Description rdf:about="http://purl.obolibrary.org/obo/DOID_0110982"/>
            <rdf:Description rdf:about="http://purl.obolibrary.org/obo/DOID_0110983"/>
            <rdf:Description rdf:about="http://purl.obolibrary.org/obo/DOID_0110984"/>
            <rdf:Description rdf:about="http://purl.obolibrary.org/obo/DOID_0110985"/>
            <rdf:Description rdf:about="http://purl.obolibrary.org/obo/DOID_0110986"/>
            <rdf:Description rdf:about="http://purl.obolibrary.org/obo/DOID_0110987"/>
            <rdf:Description rdf:about="http://purl.obolibrary.org/obo/DOID_0110988"/>
            <rdf:Description rdf:about="http://purl.obolibrary.org/obo/DOID_0110989"/>
            <rdf:Description rdf:about="http://purl.obolibrary.org/obo/DOID_0110990"/>
            <rdf:Description rdf:about="http://purl.obolibrary.org/obo/DOID_0110991"/>
            <rdf:Description rdf:about="http://purl.obolibrary.org/obo/DOID_0110992"/>
            <rdf:Description rdf:about="http://purl.obolibrary.org/obo/DOID_0110993"/>
            <rdf:Description rdf:about="http://purl.obolibrary.org/obo/DOID_0110994"/>
            <rdf:Description rdf:about="http://purl.obolibrary.org/obo/DOID_0110995"/>
            <rdf:Description rdf:about="http://purl.obolibrary.org/obo/DOID_0110996"/>
            <rdf:Description rdf:about="http://purl.obolibrary.org/obo/DOID_0110997"/>
            <rdf:Description rdf:about="http://purl.obolibrary.org/obo/DOID_0110998"/>
            <rdf:Description rdf:about="http://purl.obolibrary.org/obo/DOID_0110999"/>
            <rdf:Description rdf:about="http://purl.obolibrary.org/obo/DOID_0111000"/>
            <rdf:Description rdf:about="http://purl.obolibrary.org/obo/DOID_0111001"/>
            <rdf:Description rdf:about="http://purl.obolibrary.org/obo/DOID_0111002"/>
            <rdf:Description rdf:about="http://purl.obolibrary.org/obo/DOID_0111003"/>
            <rdf:Description rdf:about="http://purl.obolibrary.org/obo/DOID_0111004"/>
        </owl:members>
    </rdf:Description>
    <rdf:Description>
        <rdf:type rdf:resource="http://www.w3.org/2002/07/owl#AllDisjointClasses"/>
        <owl:members rdf:parseType="Collection">
            <rdf:Description rdf:about="http://purl.obolibrary.org/obo/DOID_0060534"/>
            <rdf:Description rdf:about="http://purl.obolibrary.org/obo/DOID_0080202"/>
            <rdf:Description rdf:about="http://purl.obolibrary.org/obo/DOID_3030"/>
            <rdf:Description rdf:about="http://purl.obolibrary.org/obo/DOID_3111"/>
            <rdf:Description rdf:about="http://purl.obolibrary.org/obo/DOID_3112"/>
            <rdf:Description rdf:about="http://purl.obolibrary.org/obo/DOID_3493"/>
            <rdf:Description rdf:about="http://purl.obolibrary.org/obo/DOID_4024"/>
            <rdf:Description rdf:about="http://purl.obolibrary.org/obo/DOID_4468"/>
            <rdf:Description rdf:about="http://purl.obolibrary.org/obo/DOID_4917"/>
            <rdf:Description rdf:about="http://purl.obolibrary.org/obo/DOID_4929"/>
        </owl:members>
    </rdf:Description>
    <rdf:Description>
        <rdf:type rdf:resource="http://www.w3.org/2002/07/owl#AllDisjointClasses"/>
        <owl:members rdf:parseType="Collection">
            <rdf:Description rdf:about="http://purl.obolibrary.org/obo/DOID_0060691"/>
            <rdf:Description rdf:about="http://purl.obolibrary.org/obo/DOID_0060692"/>
            <rdf:Description rdf:about="http://purl.obolibrary.org/obo/DOID_0111044"/>
            <rdf:Description rdf:about="http://purl.obolibrary.org/obo/DOID_0111045"/>
            <rdf:Description rdf:about="http://purl.obolibrary.org/obo/DOID_0111046"/>
            <rdf:Description rdf:about="http://purl.obolibrary.org/obo/DOID_0111047"/>
            <rdf:Description rdf:about="http://purl.obolibrary.org/obo/DOID_0111048"/>
            <rdf:Description rdf:about="http://purl.obolibrary.org/obo/DOID_0111049"/>
            <rdf:Description rdf:about="http://purl.obolibrary.org/obo/DOID_0111050"/>
            <rdf:Description rdf:about="http://purl.obolibrary.org/obo/DOID_0111051"/>
            <rdf:Description rdf:about="http://purl.obolibrary.org/obo/DOID_0111052"/>
            <rdf:Description rdf:about="http://purl.obolibrary.org/obo/DOID_12259"/>
            <rdf:Description rdf:about="http://purl.obolibrary.org/obo/DOID_12531"/>
            <rdf:Description rdf:about="http://purl.obolibrary.org/obo/DOID_2211"/>
            <rdf:Description rdf:about="http://purl.obolibrary.org/obo/DOID_2215"/>
            <rdf:Description rdf:about="http://purl.obolibrary.org/obo/DOID_2216"/>
            <rdf:Description rdf:about="http://purl.obolibrary.org/obo/DOID_2217"/>
            <rdf:Description rdf:about="http://purl.obolibrary.org/obo/DOID_2219"/>
            <rdf:Description rdf:about="http://purl.obolibrary.org/obo/DOID_2222"/>
            <rdf:Description rdf:about="http://purl.obolibrary.org/obo/DOID_2236"/>
            <rdf:Description rdf:about="http://purl.obolibrary.org/obo/DOID_3755"/>
            <rdf:Description rdf:about="http://purl.obolibrary.org/obo/DOID_3756"/>
        </owl:members>
    </rdf:Description>
    <rdf:Description>
        <rdf:type rdf:resource="http://www.w3.org/2002/07/owl#AllDisjointClasses"/>
        <owl:members rdf:parseType="Collection">
            <rdf:Description rdf:about="http://purl.obolibrary.org/obo/DOID_0110926"/>
            <rdf:Description rdf:about="http://purl.obolibrary.org/obo/DOID_0110927"/>
            <rdf:Description rdf:about="http://purl.obolibrary.org/obo/DOID_0110928"/>
            <rdf:Description rdf:about="http://purl.obolibrary.org/obo/DOID_0110929"/>
            <rdf:Description rdf:about="http://purl.obolibrary.org/obo/DOID_0110930"/>
            <rdf:Description rdf:about="http://purl.obolibrary.org/obo/DOID_0110931"/>
            <rdf:Description rdf:about="http://purl.obolibrary.org/obo/DOID_0110932"/>
            <rdf:Description rdf:about="http://purl.obolibrary.org/obo/DOID_0110933"/>
            <rdf:Description rdf:about="http://purl.obolibrary.org/obo/DOID_0110934"/>
            <rdf:Description rdf:about="http://purl.obolibrary.org/obo/DOID_0110935"/>
            <rdf:Description rdf:about="http://purl.obolibrary.org/obo/DOID_0110936"/>
        </owl:members>
    </rdf:Description>
    <rdf:Description>
        <rdf:type rdf:resource="http://www.w3.org/2002/07/owl#AllDisjointClasses"/>
        <owl:members rdf:parseType="Collection">
            <rdf:Description rdf:about="http://purl.obolibrary.org/obo/DOID_0110937"/>
            <rdf:Description rdf:about="http://purl.obolibrary.org/obo/DOID_0110938"/>
            <rdf:Description rdf:about="http://purl.obolibrary.org/obo/DOID_0110939"/>
            <rdf:Description rdf:about="http://purl.obolibrary.org/obo/DOID_0110940"/>
            <rdf:Description rdf:about="http://purl.obolibrary.org/obo/DOID_0110941"/>
            <rdf:Description rdf:about="http://purl.obolibrary.org/obo/DOID_0110942"/>
            <rdf:Description rdf:about="http://purl.obolibrary.org/obo/DOID_0110943"/>
            <rdf:Description rdf:about="http://purl.obolibrary.org/obo/DOID_0110944"/>
            <rdf:Description rdf:about="http://purl.obolibrary.org/obo/DOID_0110945"/>
            <rdf:Description rdf:about="http://purl.obolibrary.org/obo/DOID_0110946"/>
        </owl:members>
    </rdf:Description>
    <rdf:Description>
        <rdf:type rdf:resource="http://www.w3.org/2002/07/owl#AllDisjointClasses"/>
        <owl:members rdf:parseType="Collection">
            <rdf:Description rdf:about="http://purl.obolibrary.org/obo/DOID_0110947"/>
            <rdf:Description rdf:about="http://purl.obolibrary.org/obo/DOID_0110948"/>
            <rdf:Description rdf:about="http://purl.obolibrary.org/obo/DOID_0110949"/>
            <rdf:Description rdf:about="http://purl.obolibrary.org/obo/DOID_0110950"/>
            <rdf:Description rdf:about="http://purl.obolibrary.org/obo/DOID_0110951"/>
            <rdf:Description rdf:about="http://purl.obolibrary.org/obo/DOID_0110952"/>
            <rdf:Description rdf:about="http://purl.obolibrary.org/obo/DOID_0110953"/>
            <rdf:Description rdf:about="http://purl.obolibrary.org/obo/DOID_0110954"/>
            <rdf:Description rdf:about="http://purl.obolibrary.org/obo/DOID_0110955"/>
            <rdf:Description rdf:about="http://purl.obolibrary.org/obo/DOID_0110956"/>
        </owl:members>
    </rdf:Description>
    <rdf:Description>
        <rdf:type rdf:resource="http://www.w3.org/2002/07/owl#AllDisjointClasses"/>
        <owl:members rdf:parseType="Collection">
            <rdf:Description rdf:about="http://purl.obolibrary.org/obo/DOID_0110957"/>
            <rdf:Description rdf:about="http://purl.obolibrary.org/obo/DOID_0110958"/>
            <rdf:Description rdf:about="http://purl.obolibrary.org/obo/DOID_0110959"/>
            <rdf:Description rdf:about="http://purl.obolibrary.org/obo/DOID_0110960"/>
            <rdf:Description rdf:about="http://purl.obolibrary.org/obo/DOID_0110961"/>
        </owl:members>
    </rdf:Description>
    <rdf:Description>
        <rdf:type rdf:resource="http://www.w3.org/2002/07/owl#AllDisjointClasses"/>
        <owl:members rdf:parseType="Collection">
            <rdf:Description rdf:about="http://purl.obolibrary.org/obo/DOID_0111005"/>
            <rdf:Description rdf:about="http://purl.obolibrary.org/obo/DOID_0111006"/>
            <rdf:Description rdf:about="http://purl.obolibrary.org/obo/DOID_0111007"/>
            <rdf:Description rdf:about="http://purl.obolibrary.org/obo/DOID_0111008"/>
            <rdf:Description rdf:about="http://purl.obolibrary.org/obo/DOID_0111009"/>
            <rdf:Description rdf:about="http://purl.obolibrary.org/obo/DOID_0111010"/>
            <rdf:Description rdf:about="http://purl.obolibrary.org/obo/DOID_0111011"/>
            <rdf:Description rdf:about="http://purl.obolibrary.org/obo/DOID_0111012"/>
            <rdf:Description rdf:about="http://purl.obolibrary.org/obo/DOID_0111013"/>
            <rdf:Description rdf:about="http://purl.obolibrary.org/obo/DOID_0111014"/>
            <rdf:Description rdf:about="http://purl.obolibrary.org/obo/DOID_0111015"/>
            <rdf:Description rdf:about="http://purl.obolibrary.org/obo/DOID_0111016"/>
            <rdf:Description rdf:about="http://purl.obolibrary.org/obo/DOID_0111017"/>
            <rdf:Description rdf:about="http://purl.obolibrary.org/obo/DOID_0111018"/>
            <rdf:Description rdf:about="http://purl.obolibrary.org/obo/DOID_0111019"/>
            <rdf:Description rdf:about="http://purl.obolibrary.org/obo/DOID_0111020"/>
            <rdf:Description rdf:about="http://purl.obolibrary.org/obo/DOID_0111021"/>
            <rdf:Description rdf:about="http://purl.obolibrary.org/obo/DOID_0111022"/>
            <rdf:Description rdf:about="http://purl.obolibrary.org/obo/DOID_0111023"/>
            <rdf:Description rdf:about="http://purl.obolibrary.org/obo/DOID_0111024"/>
            <rdf:Description rdf:about="http://purl.obolibrary.org/obo/DOID_0111025"/>
            <rdf:Description rdf:about="http://purl.obolibrary.org/obo/DOID_0111026"/>
        </owl:members>
    </rdf:Description>
    <rdf:Description>
        <rdf:type rdf:resource="http://www.w3.org/2002/07/owl#AllDisjointClasses"/>
        <owl:members rdf:parseType="Collection">
            <rdf:Description rdf:about="http://purl.obolibrary.org/obo/DOID_0111037"/>
            <rdf:Description rdf:about="http://purl.obolibrary.org/obo/DOID_0111038"/>
            <rdf:Description rdf:about="http://purl.obolibrary.org/obo/DOID_0111039"/>
        </owl:members>
    </rdf:Description>
    <rdf:Description>
        <rdf:type rdf:resource="http://www.w3.org/2002/07/owl#AllDisjointClasses"/>
        <owl:members rdf:parseType="Collection">
            <rdf:Description rdf:about="http://purl.obolibrary.org/obo/DOID_0111040"/>
            <rdf:Description rdf:about="http://purl.obolibrary.org/obo/DOID_0111041"/>
            <rdf:Description rdf:about="http://purl.obolibrary.org/obo/DOID_0111042"/>
            <rdf:Description rdf:about="http://purl.obolibrary.org/obo/DOID_0111043"/>
        </owl:members>
    </rdf:Description>
    <rdf:Description>
        <rdf:type rdf:resource="http://www.w3.org/2002/07/owl#AllDisjointClasses"/>
        <owl:members rdf:parseType="Collection">
            <rdf:Description rdf:about="http://purl.obolibrary.org/obo/DOID_0111066"/>
            <rdf:Description rdf:about="http://purl.obolibrary.org/obo/DOID_0111067"/>
            <rdf:Description rdf:about="http://purl.obolibrary.org/obo/DOID_0111068"/>
            <rdf:Description rdf:about="http://purl.obolibrary.org/obo/DOID_0111069"/>
            <rdf:Description rdf:about="http://purl.obolibrary.org/obo/DOID_0111070"/>
            <rdf:Description rdf:about="http://purl.obolibrary.org/obo/DOID_0111071"/>
        </owl:members>
    </rdf:Description>
    <rdf:Description>
        <rdf:type rdf:resource="http://www.w3.org/2002/07/owl#AllDisjointClasses"/>
        <owl:members rdf:parseType="Collection">
            <rdf:Description rdf:about="http://purl.obolibrary.org/obo/DOID_0111074"/>
            <rdf:Description rdf:about="http://purl.obolibrary.org/obo/DOID_0111075"/>
            <rdf:Description rdf:about="http://purl.obolibrary.org/obo/DOID_0111076"/>
        </owl:members>
    </rdf:Description>
    <rdf:Description>
        <rdf:type rdf:resource="http://www.w3.org/2002/07/owl#AllDisjointClasses"/>
        <owl:members rdf:parseType="Collection">
            <rdf:Description rdf:about="http://purl.obolibrary.org/obo/DOID_0111080"/>
            <rdf:Description rdf:about="http://purl.obolibrary.org/obo/DOID_0111081"/>
            <rdf:Description rdf:about="http://purl.obolibrary.org/obo/DOID_0111082"/>
            <rdf:Description rdf:about="http://purl.obolibrary.org/obo/DOID_0111083"/>
            <rdf:Description rdf:about="http://purl.obolibrary.org/obo/DOID_0111084"/>
            <rdf:Description rdf:about="http://purl.obolibrary.org/obo/DOID_0111085"/>
            <rdf:Description rdf:about="http://purl.obolibrary.org/obo/DOID_0111086"/>
            <rdf:Description rdf:about="http://purl.obolibrary.org/obo/DOID_0111087"/>
            <rdf:Description rdf:about="http://purl.obolibrary.org/obo/DOID_0111088"/>
            <rdf:Description rdf:about="http://purl.obolibrary.org/obo/DOID_0111089"/>
            <rdf:Description rdf:about="http://purl.obolibrary.org/obo/DOID_0111090"/>
            <rdf:Description rdf:about="http://purl.obolibrary.org/obo/DOID_0111091"/>
            <rdf:Description rdf:about="http://purl.obolibrary.org/obo/DOID_0111092"/>
            <rdf:Description rdf:about="http://purl.obolibrary.org/obo/DOID_0111093"/>
            <rdf:Description rdf:about="http://purl.obolibrary.org/obo/DOID_0111094"/>
            <rdf:Description rdf:about="http://purl.obolibrary.org/obo/DOID_0111095"/>
            <rdf:Description rdf:about="http://purl.obolibrary.org/obo/DOID_0111096"/>
            <rdf:Description rdf:about="http://purl.obolibrary.org/obo/DOID_0111097"/>
            <rdf:Description rdf:about="http://purl.obolibrary.org/obo/DOID_0111098"/>
        </owl:members>
    </rdf:Description>
    <rdf:Description>
        <rdf:type rdf:resource="http://www.w3.org/2002/07/owl#AllDisjointClasses"/>
        <owl:members rdf:parseType="Collection">
            <rdf:Description rdf:about="http://purl.obolibrary.org/obo/DOID_0111099"/>
            <rdf:Description rdf:about="http://purl.obolibrary.org/obo/DOID_0111100"/>
            <rdf:Description rdf:about="http://purl.obolibrary.org/obo/DOID_0111101"/>
            <rdf:Description rdf:about="http://purl.obolibrary.org/obo/DOID_0111102"/>
            <rdf:Description rdf:about="http://purl.obolibrary.org/obo/DOID_0111103"/>
            <rdf:Description rdf:about="http://purl.obolibrary.org/obo/DOID_0111104"/>
            <rdf:Description rdf:about="http://purl.obolibrary.org/obo/DOID_0111105"/>
            <rdf:Description rdf:about="http://purl.obolibrary.org/obo/DOID_0111106"/>
            <rdf:Description rdf:about="http://purl.obolibrary.org/obo/DOID_0111107"/>
            <rdf:Description rdf:about="http://purl.obolibrary.org/obo/DOID_0111108"/>
            <rdf:Description rdf:about="http://purl.obolibrary.org/obo/DOID_0111109"/>
            <rdf:Description rdf:about="http://purl.obolibrary.org/obo/DOID_0111110"/>
            <rdf:Description rdf:about="http://purl.obolibrary.org/obo/DOID_0111111"/>
        </owl:members>
    </rdf:Description>
    <rdf:Description>
        <rdf:type rdf:resource="http://www.w3.org/2002/07/owl#AllDisjointClasses"/>
        <owl:members rdf:parseType="Collection">
            <rdf:Description rdf:about="http://purl.obolibrary.org/obo/DOID_0111112"/>
            <rdf:Description rdf:about="http://purl.obolibrary.org/obo/DOID_0111113"/>
            <rdf:Description rdf:about="http://purl.obolibrary.org/obo/DOID_0111114"/>
            <rdf:Description rdf:about="http://purl.obolibrary.org/obo/DOID_0111115"/>
            <rdf:Description rdf:about="http://purl.obolibrary.org/obo/DOID_0111116"/>
            <rdf:Description rdf:about="http://purl.obolibrary.org/obo/DOID_0111117"/>
            <rdf:Description rdf:about="http://purl.obolibrary.org/obo/DOID_0111118"/>
            <rdf:Description rdf:about="http://purl.obolibrary.org/obo/DOID_0111119"/>
            <rdf:Description rdf:about="http://purl.obolibrary.org/obo/DOID_0111120"/>
            <rdf:Description rdf:about="http://purl.obolibrary.org/obo/DOID_0111121"/>
            <rdf:Description rdf:about="http://purl.obolibrary.org/obo/DOID_0111122"/>
            <rdf:Description rdf:about="http://purl.obolibrary.org/obo/DOID_0111123"/>
            <rdf:Description rdf:about="http://purl.obolibrary.org/obo/DOID_0111124"/>
            <rdf:Description rdf:about="http://purl.obolibrary.org/obo/DOID_0111125"/>
            <rdf:Description rdf:about="http://purl.obolibrary.org/obo/DOID_0111126"/>
            <rdf:Description rdf:about="http://purl.obolibrary.org/obo/DOID_0111127"/>
        </owl:members>
    </rdf:Description>
    <rdf:Description>
        <rdf:type rdf:resource="http://www.w3.org/2002/07/owl#AllDisjointClasses"/>
        <owl:members rdf:parseType="Collection">
            <rdf:Description rdf:about="http://purl.obolibrary.org/obo/DOID_0111128"/>
            <rdf:Description rdf:about="http://purl.obolibrary.org/obo/DOID_0111129"/>
            <rdf:Description rdf:about="http://purl.obolibrary.org/obo/DOID_0111130"/>
            <rdf:Description rdf:about="http://purl.obolibrary.org/obo/DOID_0111131"/>
            <rdf:Description rdf:about="http://purl.obolibrary.org/obo/DOID_0111132"/>
            <rdf:Description rdf:about="http://purl.obolibrary.org/obo/DOID_0111133"/>
            <rdf:Description rdf:about="http://purl.obolibrary.org/obo/DOID_0111134"/>
        </owl:members>
    </rdf:Description>
    <rdf:Description>
        <rdf:type rdf:resource="http://www.w3.org/2002/07/owl#AllDisjointClasses"/>
        <owl:members rdf:parseType="Collection">
            <rdf:Description rdf:about="http://purl.obolibrary.org/obo/DOID_0111135"/>
            <rdf:Description rdf:about="http://purl.obolibrary.org/obo/DOID_0111136"/>
            <rdf:Description rdf:about="http://purl.obolibrary.org/obo/DOID_0111137"/>
            <rdf:Description rdf:about="http://purl.obolibrary.org/obo/DOID_0111138"/>
        </owl:members>
    </rdf:Description>
</rdf:RDF>

